[0616/211203.248:ERROR:process_reader_win.cc(127)] NtOpenThread: {Access Denied} A process has requested access to an object, but has not been granted those access rights. (0xc0000022)
[0616/211203.248:ERROR:process_reader_win.cc(127)] NtOpenThread: {Access Denied} A process has requested access to an object, but has not been granted those access rights. (0xc0000022)
[0616/211203.996:ERROR:exception_snapshot_win.cc(99)] thread ID 5692 not found in process
[0616/211203.996:ERROR:exception_snapshot_win.cc(99)] thread ID 5456 not found in process
[0616/211204.173:ERROR:process_memory_win.cc(73)] ReadMemory at 0x2a76108000 of 852 bytes failed: Only part of a ReadProcessMemory or WriteProcessMemory request was completed. (0x12B)
[0616/211204.517:ERROR:process_memory_win.cc(73)] ReadMemory at 0x7ff6e0850000 of 64 bytes failed: Only part of a ReadProcessMemory or WriteProcessMemory request was completed. (0x12B)
[0616/211204.986:ERROR:process_snapshot_win.cc(411)] ReadMemory PEB
[0616/211204.986:WARNING:pe_image_reader.cc(340)] could not read dos header from C:\Program Files (x86)\Microsoft\Edge\Application\msedge.exe
[0616/211204.986:ERROR:process_memory_win.cc(73)] ReadMemory at 0x7ff6e0850000 of 64 bytes failed: Only part of a ReadProcessMemory or WriteProcessMemory request was completed. (0x12B)
[0616/211204.986:WARNING:pe_image_reader.cc(340)] could not read dos header from C:\Program Files (x86)\Microsoft\Edge\Application\msedge.exe
[0616/211204.986:ERROR:process_memory_win.cc(73)] ReadMemory at 0x7ffb2c6c0000 of 64 bytes failed: Only part of a ReadProcessMemory or WriteProcessMemory request was completed. (0x12B)
[0616/211204.986:WARNING:pe_image_reader.cc(340)] could not read dos header from C:\WINDOWS\SYSTEM32\ntdll.dll
[0616/211204.986:ERROR:process_memory_win.cc(73)] ReadMemory at 0x7ffb2c6c0000 of 64 bytes failed: Only part of a ReadProcessMemory or WriteProcessMemory request was completed. (0x12B)
[0616/211204.986:WARNING:pe_image_reader.cc(340)] could not read dos header from C:\WINDOWS\SYSTEM32\ntdll.dll
[0616/211204.986:ERROR:process_memory_win.cc(73)] ReadMemory at 0x7ffb2c5c0000 of 64 bytes failed: Only part of a ReadProcessMemory or WriteProcessMemory request was completed. (0x12B)
[0616/211204.986:WARNING:pe_image_reader.cc(340)] could not read dos header from C:\WINDOWS\System32\KERNEL32.DLL
[0616/211204.986:ERROR:process_memory_win.cc(73)] ReadMemory at 0x7ffb2c5c0000 of 64 bytes failed: Only part of a ReadProcessMemory or WriteProcessMemory request was completed. (0x12B)
[0616/211204.986:WARNING:pe_image_reader.cc(340)] could not read dos header from C:\WINDOWS\System32\KERNEL32.DLL
[0616/211204.986:ERROR:process_memory_win.cc(73)] ReadMemory at 0x7ffb2a2d0000 of 64 bytes failed: Only part of a ReadProcessMemory or WriteProcessMemory request was completed. (0x12B)
[0616/211204.986:WARNING:pe_image_reader.cc(340)] could not read dos header from C:\WINDOWS\System32\KERNELBASE.dll
[0616/211204.986:ERROR:process_memory_win.cc(73)] ReadMemory at 0x7ffb2a2d0000 of 64 bytes failed: Only part of a ReadProcessMemory or WriteProcessMemory request was completed. (0x12B)
[0616/211204.986:WARNING:pe_image_reader.cc(340)] could not read dos header from C:\WINDOWS\System32\KERNELBASE.dll
[0616/211204.986:ERROR:process_memory_win.cc(73)] ReadMemory at 0x7ffb076e0000 of 64 bytes failed: Only part of a ReadProcessMemory or WriteProcessMemory request was completed. (0x12B)
[0616/211204.986:WARNING:pe_image_reader.cc(340)] could not read dos header from C:\Program Files (x86)\Microsoft\Edge\Application\83.0.478.45\msedge_elf.dll
[0616/211204.986:ERROR:process_memory_win.cc(73)] ReadMemory at 0x7ffb076e0000 of 64 bytes failed: Only part of a ReadProcessMemory or WriteProcessMemory request was completed. (0x12B)
[0616/211204.986:WARNING:pe_image_reader.cc(340)] could not read dos header from C:\Program Files (x86)\Microsoft\Edge\Application\83.0.478.45\msedge_elf.dll
[0616/211204.986:ERROR:process_memory_win.cc(73)] ReadMemory at 0x7ffb2a0c0000 of 64 bytes failed: Only part of a ReadProcessMemory or WriteProcessMemory request was completed. (0x12B)
[0616/211204.986:WARNING:pe_image_reader.cc(340)] could not read dos header from C:\WINDOWS\System32\bcryptPrimitives.dll
[0616/211204.986:ERROR:process_memory_win.cc(73)] ReadMemory at 0x7ffb2a0c0000 of 64 bytes failed: Only part of a ReadProcessMemory or WriteProcessMemory request was completed. (0x12B)
[0616/211204.986:WARNING:pe_image_reader.cc(340)] could not read dos header from C:\WINDOWS\System32\bcryptPrimitives.dll
[0616/211204.986:ERROR:process_memory_win.cc(73)] ReadMemory at 0x7ffb2aac0000 of 64 bytes failed: Only part of a ReadProcessMemory or WriteProcessMemory request was completed. (0x12B)
[0616/211204.986:WARNING:pe_image_reader.cc(340)] could not read dos header from C:\WINDOWS\System32\ADVAPI32.dll
[0616/211204.986:ERROR:process_memory_win.cc(73)] ReadMemory at 0x7ffb2aac0000 of 64 bytes failed: Only part of a ReadProcessMemory or WriteProcessMemory request was completed. (0x12B)
[0616/211204.986:WARNING:pe_image_reader.cc(340)] could not read dos header from C:\WINDOWS\System32\ADVAPI32.dll
[0616/211204.986:ERROR:process_memory_win.cc(73)] ReadMemory at 0x7ffb2b190000 of 64 bytes failed: Only part of a ReadProcessMemory or WriteProcessMemory request was completed. (0x12B)
[0616/211204.986:WARNING:pe_image_reader.cc(340)] could not read dos header from C:\WINDOWS\System32\msvcrt.dll
[0616/211204.986:ERROR:process_memory_win.cc(73)] ReadMemory at 0x7ffb2b190000 of 64 bytes failed: Only part of a ReadProcessMemory or WriteProcessMemory request was completed. (0x12B)
[0616/211204.986:WARNING:pe_image_reader.cc(340)] could not read dos header from C:\WINDOWS\System32\msvcrt.dll
[0616/211204.986:ERROR:process_memory_win.cc(73)] ReadMemory at 0x7ffb2b0f0000 of 64 bytes failed: Only part of a ReadProcessMemory or WriteProcessMemory request was completed. (0x12B)
[0616/211204.986:WARNING:pe_image_reader.cc(340)] could not read dos header from C:\WINDOWS\System32\sechost.dll
[0616/211204.986:ERROR:process_memory_win.cc(73)] ReadMemory at 0x7ffb2b0f0000 of 64 bytes failed: Only part of a ReadProcessMemory or WriteProcessMemory request was completed. (0x12B)
[0616/211204.986:WARNING:pe_image_reader.cc(340)] could not read dos header from C:\WINDOWS\System32\sechost.dll
[0616/211204.986:ERROR:process_memory_win.cc(73)] ReadMemory at 0x7ffb2b2a0000 of 64 bytes failed: Only part of a ReadProcessMemory or WriteProcessMemory request was completed. (0x12B)
[0616/211204.986:WARNING:pe_image_reader.cc(340)] could not read dos header from C:\WINDOWS\System32\RPCRT4.dll
[0616/211204.986:ERROR:process_memory_win.cc(73)] ReadMemory at 0x7ffb2b2a0000 of 64 bytes failed: Only part of a ReadProcessMemory or WriteProcessMemory request was completed. (0x12B)
[0616/211204.986:WARNING:pe_image_reader.cc(340)] could not read dos header from C:\WINDOWS\System32\RPCRT4.dll
[0616/211204.986:ERROR:process_memory_win.cc(73)] ReadMemory at 0x7ffae10e0000 of 64 bytes failed: Only part of a ReadProcessMemory or WriteProcessMemory request was completed. (0x12B)
[0616/211204.986:WARNING:pe_image_reader.cc(340)] could not read dos header from C:\Program Files (x86)\Microsoft\Edge\Application\83.0.478.45\msedge.dll
[0616/211204.986:ERROR:process_memory_win.cc(73)] ReadMemory at 0x7ffae10e0000 of 64 bytes failed: Only part of a ReadProcessMemory or WriteProcessMemory request was completed. (0x12B)
[0616/211204.986:WARNING:pe_image_reader.cc(340)] could not read dos header from C:\Program Files (x86)\Microsoft\Edge\Application\83.0.478.45\msedge.dll
[0616/211204.986:ERROR:process_memory_win.cc(73)] ReadMemory at 0x7ffb2b230000 of 64 bytes failed: Only part of a ReadProcessMemory or WriteProcessMemory request was completed. (0x12B)
[0616/211204.986:WARNING:pe_image_reader.cc(340)] could not read dos header from C:\WINDOWS\System32\WS2_32.dll
[0616/211204.986:ERROR:process_memory_win.cc(73)] ReadMemory at 0x7ffb2b230000 of 64 bytes failed: Only part of a ReadProcessMemory or WriteProcessMemory request was completed. (0x12B)
[0616/211204.986:WARNING:pe_image_reader.cc(340)] could not read dos header from C:\WINDOWS\System32\WS2_32.dll
[0616/211204.986:ERROR:process_memory_win.cc(73)] ReadMemory at 0x7ffb2ad40000 of 64 bytes failed: Only part of a ReadProcessMemory or WriteProcessMemory request was completed. (0x12B)
[0616/211204.986:WARNING:pe_image_reader.cc(340)] could not read dos header from C:\WINDOWS\System32\OLEAUT32.dll
[0616/211204.986:ERROR:process_memory_win.cc(73)] ReadMemory at 0x7ffb2ad40000 of 64 bytes failed: Only part of a ReadProcessMemory or WriteProcessMemory request was completed. (0x12B)
[0616/211204.986:WARNING:pe_image_reader.cc(340)] could not read dos header from C:\WINDOWS\System32\OLEAUT32.dll
[0616/211204.986:ERROR:process_memory_win.cc(73)] ReadMemory at 0x7ffb2a580000 of 64 bytes failed: Only part of a ReadProcessMemory or WriteProcessMemory request was completed. (0x12B)
[0616/211204.986:WARNING:pe_image_reader.cc(340)] could not read dos header from C:\WINDOWS\System32\msvcp_win.dll
[0616/211204.986:ERROR:process_memory_win.cc(73)] ReadMemory at 0x7ffb2a580000 of 64 bytes failed: Only part of a ReadProcessMemory or WriteProcessMemory request was completed. (0x12B)
[0616/211204.986:WARNING:pe_image_reader.cc(340)] could not read dos header from C:\WINDOWS\System32\msvcp_win.dll
[0616/211204.986:ERROR:process_memory_win.cc(73)] ReadMemory at 0x7ffb2a1a0000 of 64 bytes failed: Only part of a ReadProcessMemory or WriteProcessMemory request was completed. (0x12B)
[0616/211204.986:WARNING:pe_image_reader.cc(340)] could not read dos header from C:\WINDOWS\System32\ucrtbase.dll
[0616/211204.986:ERROR:process_memory_win.cc(73)] ReadMemory at 0x7ffb2a1a0000 of 64 bytes failed: Only part of a ReadProcessMemory or WriteProcessMemory request was completed. (0x12B)
[0616/211204.986:WARNING:pe_image_reader.cc(340)] could not read dos header from C:\WINDOWS\System32\ucrtbase.dll
[0616/211204.986:ERROR:process_memory_win.cc(73)] ReadMemory at 0x7ffb2c0f0000 of 64 bytes failed: Only part of a ReadProcessMemory or WriteProcessMemory request was completed. (0x12B)
[0616/211204.986:WARNING:pe_image_reader.cc(340)] could not read dos header from C:\WINDOWS\System32\combase.dll
[0616/211204.986:ERROR:process_memory_win.cc(73)] ReadMemory at 0x7ffb2c0f0000 of 64 bytes failed: Only part of a ReadProcessMemory or WriteProcessMemory request was completed. (0x12B)
[0616/211204.986:WARNING:pe_image_reader.cc(340)] could not read dos header from C:\WINDOWS\System32\combase.dll
[0616/211204.986:ERROR:process_memory_win.cc(73)] ReadMemory at 0x7ffb2a140000 of 64 bytes failed: Only part of a ReadProcessMemory or WriteProcessMemory request was completed. (0x12B)
[0616/211204.986:WARNING:pe_image_reader.cc(340)] could not read dos header from C:\WINDOWS\System32\WINTRUST.dll
[0616/211204.986:ERROR:process_memory_win.cc(73)] ReadMemory at 0x7ffb2a140000 of 64 bytes failed: Only part of a ReadProcessMemory or WriteProcessMemory request was completed. (0x12B)
[0616/211204.986:WARNING:pe_image_reader.cc(340)] could not read dos header from C:\WINDOWS\System32\WINTRUST.dll
[0616/211204.986:ERROR:process_memory_win.cc(73)] ReadMemory at 0x7ffb295b0000 of 64 bytes failed: Only part of a ReadProcessMemory or WriteProcessMemory request was completed. (0x12B)
[0616/211204.986:WARNING:pe_image_reader.cc(340)] could not read dos header from C:\WINDOWS\System32\MSASN1.dll
[0616/211204.986:ERROR:process_memory_win.cc(73)] ReadMemory at 0x7ffb295b0000 of 64 bytes failed: Only part of a ReadProcessMemory or WriteProcessMemory request was completed. (0x12B)
[0616/211204.986:WARNING:pe_image_reader.cc(340)] could not read dos header from C:\WINDOWS\System32\MSASN1.dll
[0616/211204.986:ERROR:process_memory_win.cc(73)] ReadMemory at 0x7ffb2a620000 of 64 bytes failed: Only part of a ReadProcessMemory or WriteProcessMemory request was completed. (0x12B)
[0616/211204.986:WARNING:pe_image_reader.cc(340)] could not read dos header from C:\WINDOWS\System32\CRYPT32.dll
[0616/211204.986:ERROR:process_memory_win.cc(73)] ReadMemory at 0x7ffb2a620000 of 64 bytes failed: Only part of a ReadProcessMemory or WriteProcessMemory request was completed. (0x12B)
[0616/211204.986:WARNING:pe_image_reader.cc(340)] could not read dos header from C:\WINDOWS\System32\CRYPT32.dll
[0616/211204.986:ERROR:process_memory_win.cc(73)] ReadMemory at 0x7ffb28b00000 of 64 bytes failed: Only part of a ReadProcessMemory or WriteProcessMemory request was completed. (0x12B)
[0616/211204.986:WARNING:pe_image_reader.cc(340)] could not read dos header from C:\WINDOWS\SYSTEM32\IPHLPAPI.DLL
[0616/211204.986:ERROR:process_memory_win.cc(73)] ReadMemory at 0x7ffb28b00000 of 64 bytes failed: Only part of a ReadProcessMemory or WriteProcessMemory request was completed. (0x12B)
[0616/211204.986:WARNING:pe_image_reader.cc(340)] could not read dos header from C:\WINDOWS\SYSTEM32\IPHLPAPI.DLL
[0616/211204.986:ERROR:process_memory_win.cc(73)] ReadMemory at 0x7ffb25900000 of 64 bytes failed: Only part of a ReadProcessMemory or WriteProcessMemory request was completed. (0x12B)
[0616/211204.986:WARNING:pe_image_reader.cc(340)] could not read dos header from C:\WINDOWS\SYSTEM32\WINMM.dll
[0616/211204.986:ERROR:process_memory_win.cc(73)] ReadMemory at 0x7ffb25900000 of 64 bytes failed: Only part of a ReadProcessMemory or WriteProcessMemory request was completed. (0x12B)
[0616/211204.986:WARNING:pe_image_reader.cc(340)] could not read dos header from C:\WINDOWS\SYSTEM32\WINMM.dll
[0616/211204.986:ERROR:process_memory_win.cc(73)] ReadMemory at 0x7ffb07530000 of 64 bytes failed: Only part of a ReadProcessMemory or WriteProcessMemory request was completed. (0x12B)
[0616/211204.986:WARNING:pe_image_reader.cc(340)] could not read dos header from C:\WINDOWS\SYSTEM32\Secur32.dll
[0616/211204.986:ERROR:process_memory_win.cc(73)] ReadMemory at 0x7ffb07530000 of 64 bytes failed: Only part of a ReadProcessMemory or WriteProcessMemory request was completed. (0x12B)
[0616/211204.986:WARNING:pe_image_reader.cc(340)] could not read dos header from C:\WINDOWS\SYSTEM32\Secur32.dll
[0616/211204.986:ERROR:process_memory_win.cc(73)] ReadMemory at 0x7ffb294a0000 of 64 bytes failed: Only part of a ReadProcessMemory or WriteProcessMemory request was completed. (0x12B)
[0616/211204.986:WARNING:pe_image_reader.cc(340)] could not read dos header from C:\WINDOWS\SYSTEM32\USERENV.dll
[0616/211204.986:ERROR:process_memory_win.cc(73)] ReadMemory at 0x7ffb294a0000 of 64 bytes failed: Only part of a ReadProcessMemory or WriteProcessMemory request was completed. (0x12B)
[0616/211204.986:WARNING:pe_image_reader.cc(340)] could not read dos header from C:\WINDOWS\SYSTEM32\USERENV.dll
[0616/211204.986:ERROR:process_memory_win.cc(73)] ReadMemory at 0x7ffb295d0000 of 64 bytes failed: Only part of a ReadProcessMemory or WriteProcessMemory request was completed. (0x12B)
[0616/211204.986:WARNING:pe_image_reader.cc(340)] could not read dos header from C:\WINDOWS\System32\profapi.dll
[0616/211204.986:ERROR:process_memory_win.cc(73)] ReadMemory at 0x7ffb295d0000 of 64 bytes failed: Only part of a ReadProcessMemory or WriteProcessMemory request was completed. (0x12B)
[0616/211204.986:WARNING:pe_image_reader.cc(340)] could not read dos header from C:\WINDOWS\System32\profapi.dll
[0616/211204.986:ERROR:process_memory_win.cc(73)] ReadMemory at 0x7ffafcfb0000 of 64 bytes failed: Only part of a ReadProcessMemory or WriteProcessMemory request was completed. (0x12B)
[0616/211204.986:WARNING:pe_image_reader.cc(340)] could not read dos header from C:\WINDOWS\SYSTEM32\UIAutomationCore.DLL
[0616/211204.986:ERROR:process_memory_win.cc(73)] ReadMemory at 0x7ffafcfb0000 of 64 bytes failed: Only part of a ReadProcessMemory or WriteProcessMemory request was completed. (0x12B)
[0616/211204.986:WARNING:pe_image_reader.cc(340)] could not read dos header from C:\WINDOWS\SYSTEM32\UIAutomationCore.DLL
[0616/211204.986:ERROR:process_memory_win.cc(73)] ReadMemory at 0x7ffb1c750000 of 64 bytes failed: Only part of a ReadProcessMemory or WriteProcessMemory request was completed. (0x12B)
[0616/211204.986:WARNING:pe_image_reader.cc(340)] could not read dos header from C:\WINDOWS\SYSTEM32\WINHTTP.dll
[0616/211204.986:ERROR:process_memory_win.cc(73)] ReadMemory at 0x7ffb1c750000 of 64 bytes failed: Only part of a ReadProcessMemory or WriteProcessMemory request was completed. (0x12B)
[0616/211204.986:WARNING:pe_image_reader.cc(340)] could not read dos header from C:\WINDOWS\SYSTEM32\WINHTTP.dll
[0616/211204.986:ERROR:process_memory_win.cc(73)] ReadMemory at 0x7ffb19500000 of 64 bytes failed: Only part of a ReadProcessMemory or WriteProcessMemory request was completed. (0x12B)
[0616/211204.986:WARNING:pe_image_reader.cc(340)] could not read dos header from C:\WINDOWS\SYSTEM32\DWrite.dll
[0616/211204.986:ERROR:process_memory_win.cc(73)] ReadMemory at 0x7ffb19500000 of 64 bytes failed: Only part of a ReadProcessMemory or WriteProcessMemory request was completed. (0x12B)
[0616/211204.986:WARNING:pe_image_reader.cc(340)] could not read dos header from C:\WINDOWS\SYSTEM32\DWrite.dll
[0616/211204.986:ERROR:process_memory_win.cc(73)] ReadMemory at 0x7ffb167c0000 of 64 bytes failed: Only part of a ReadProcessMemory or WriteProcessMemory request was completed. (0x12B)
[0616/211204.986:WARNING:pe_image_reader.cc(340)] could not read dos header from C:\WINDOWS\SYSTEM32\WINSPOOL.DRV
[0616/211204.986:ERROR:process_memory_win.cc(73)] ReadMemory at 0x7ffb167c0000 of 64 bytes failed: Only part of a ReadProcessMemory or WriteProcessMemory request was completed. (0x12B)
[0616/211204.986:WARNING:pe_image_reader.cc(340)] could not read dos header from C:\WINDOWS\SYSTEM32\WINSPOOL.DRV
[0616/211204.986:ERROR:process_memory_win.cc(73)] ReadMemory at 0x7ffb29590000 of 64 bytes failed: Only part of a ReadProcessMemory or WriteProcessMemory request was completed. (0x12B)
[0616/211204.986:WARNING:pe_image_reader.cc(340)] could not read dos header from C:\WINDOWS\System32\kernel.appcore.dll
[0616/211204.986:ERROR:process_memory_win.cc(73)] ReadMemory at 0x7ffb29590000 of 64 bytes failed: Only part of a ReadProcessMemory or WriteProcessMemory request was completed. (0x12B)
[0616/211204.986:WARNING:pe_image_reader.cc(340)] could not read dos header from C:\WINDOWS\System32\kernel.appcore.dll
[0616/211204.986:ERROR:process_memory_win.cc(73)] ReadMemory at 0x7ffb29670000 of 64 bytes failed: Only part of a ReadProcessMemory or WriteProcessMemory request was completed. (0x12B)
[0616/211204.986:WARNING:pe_image_reader.cc(340)] could not read dos header from C:\WINDOWS\System32\bcrypt.dll
[0616/211204.986:ERROR:process_memory_win.cc(73)] ReadMemory at 0x7ffb29670000 of 64 bytes failed: Only part of a ReadProcessMemory or WriteProcessMemory request was completed. (0x12B)
[0616/211204.986:WARNING:pe_image_reader.cc(340)] could not read dos header from C:\WINDOWS\System32\bcrypt.dll
[0616/211204.986:ERROR:process_memory_win.cc(73)] ReadMemory at 0x7ffb27ea0000 of 64 bytes failed: Only part of a ReadProcessMemory or WriteProcessMemory request was completed. (0x12B)
[0616/211204.986:WARNING:pe_image_reader.cc(340)] could not read dos header from C:\WINDOWS\SYSTEM32\dbghelp.dll
[0616/211204.986:ERROR:process_memory_win.cc(73)] ReadMemory at 0x7ffb27ea0000 of 64 bytes failed: Only part of a ReadProcessMemory or WriteProcessMemory request was completed. (0x12B)
[0616/211204.986:WARNING:pe_image_reader.cc(340)] could not read dos header from C:\WINDOWS\SYSTEM32\dbghelp.dll
[0616/211204.986:ERROR:process_memory_win.cc(73)] ReadMemory at 0x7ffb1d0e0000 of 64 bytes failed: Only part of a ReadProcessMemory or WriteProcessMemory request was completed. (0x12B)
[0616/211204.986:WARNING:pe_image_reader.cc(340)] could not read dos header from C:\WINDOWS\SYSTEM32\dhcpcsvc.DLL
[0616/211204.986:ERROR:process_memory_win.cc(73)] ReadMemory at 0x7ffb1d0e0000 of 64 bytes failed: Only part of a ReadProcessMemory or WriteProcessMemory request was completed. (0x12B)
[0616/211204.986:WARNING:pe_image_reader.cc(340)] could not read dos header from C:\WINDOWS\SYSTEM32\dhcpcsvc.DLL
[0616/211204.986:ERROR:process_memory_win.cc(73)] ReadMemory at 0x7ffb2bbf0000 of 64 bytes failed: Only part of a ReadProcessMemory or WriteProcessMemory request was completed. (0x12B)
[0616/211204.986:WARNING:pe_image_reader.cc(340)] could not read dos header from C:\WINDOWS\System32\NSI.dll
[0616/211204.986:ERROR:process_memory_win.cc(73)] ReadMemory at 0x7ffb2bbf0000 of 64 bytes failed: Only part of a ReadProcessMemory or WriteProcessMemory request was completed. (0x12B)
[0616/211204.986:WARNING:pe_image_reader.cc(340)] could not read dos header from C:\WINDOWS\System32\NSI.dll
[0616/211204.986:ERROR:process_memory_win.cc(73)] ReadMemory at 0x7ffb258d0000 of 64 bytes failed: Only part of a ReadProcessMemory or WriteProcessMemory request was completed. (0x12B)
[0616/211204.986:WARNING:pe_image_reader.cc(340)] could not read dos header from C:\WINDOWS\SYSTEM32\WINMMBASE.dll
[0616/211204.986:ERROR:process_memory_win.cc(73)] ReadMemory at 0x7ffb258d0000 of 64 bytes failed: Only part of a ReadProcessMemory or WriteProcessMemory request was completed. (0x12B)
[0616/211204.986:WARNING:pe_image_reader.cc(340)] could not read dos header from C:\WINDOWS\SYSTEM32\WINMMBASE.dll
[0616/211204.986:ERROR:process_memory_win.cc(73)] ReadMemory at 0x7ffb296a0000 of 64 bytes failed: Only part of a ReadProcessMemory or WriteProcessMemory request was completed. (0x12B)
[0616/211204.986:WARNING:pe_image_reader.cc(340)] could not read dos header from C:\WINDOWS\System32\cfgmgr32.dll
[0616/211204.986:ERROR:process_memory_win.cc(73)] ReadMemory at 0x7ffb296a0000 of 64 bytes failed: Only part of a ReadProcessMemory or WriteProcessMemory request was completed. (0x12B)
[0616/211204.986:WARNING:pe_image_reader.cc(340)] could not read dos header from C:\WINDOWS\System32\cfgmgr32.dll
[0616/211204.986:ERROR:process_memory_win.cc(73)] ReadMemory at 0x7ffb27400000 of 64 bytes failed: Only part of a ReadProcessMemory or WriteProcessMemory request was completed. (0x12B)
[0616/211204.986:WARNING:pe_image_reader.cc(340)] could not read dos header from C:\WINDOWS\SYSTEM32\PROPSYS.dll
[0616/211204.986:ERROR:process_memory_win.cc(73)] ReadMemory at 0x7ffb27400000 of 64 bytes failed: Only part of a ReadProcessMemory or WriteProcessMemory request was completed. (0x12B)
[0616/211204.986:WARNING:pe_image_reader.cc(340)] could not read dos header from C:\WINDOWS\SYSTEM32\PROPSYS.dll
[0616/211204.986:ERROR:process_memory_win.cc(73)] ReadMemory at 0x7ffb2a9e0000 of 64 bytes failed: Only part of a ReadProcessMemory or WriteProcessMemory request was completed. (0x12B)
[0616/211204.986:WARNING:pe_image_reader.cc(340)] could not read dos header from C:\WINDOWS\System32\shcore.dll
[0616/211204.986:ERROR:process_memory_win.cc(73)] ReadMemory at 0x7ffb2a9e0000 of 64 bytes failed: Only part of a ReadProcessMemory or WriteProcessMemory request was completed. (0x12B)
[0616/211204.986:WARNING:pe_image_reader.cc(340)] could not read dos header from C:\WINDOWS\System32\shcore.dll
[0616/211204.986:ERROR:process_memory_win.cc(73)] ReadMemory at 0x7ffb29470000 of 64 bytes failed: Only part of a ReadProcessMemory or WriteProcessMemory request was completed. (0x12B)
[0616/211204.986:WARNING:pe_image_reader.cc(340)] could not read dos header from C:\WINDOWS\SYSTEM32\SSPICLI.DLL
[0616/211204.986:ERROR:process_memory_win.cc(73)] ReadMemory at 0x7ffb29470000 of 64 bytes failed: Only part of a ReadProcessMemory or WriteProcessMemory request was completed. (0x12B)
[0616/211204.986:WARNING:pe_image_reader.cc(340)] could not read dos header from C:\WINDOWS\SYSTEM32\SSPICLI.DLL
[0616/211204.986:ERROR:process_memory_win.cc(73)] ReadMemory at 0x7ffb28fc0000 of 64 bytes failed: Only part of a ReadProcessMemory or WriteProcessMemory request was completed. (0x12B)
[0616/211204.986:WARNING:pe_image_reader.cc(340)] could not read dos header from C:\WINDOWS\SYSTEM32\CRYPTBASE.DLL
[0616/211204.986:ERROR:process_memory_win.cc(73)] ReadMemory at 0x7ffb28fc0000 of 64 bytes failed: Only part of a ReadProcessMemory or WriteProcessMemory request was completed. (0x12B)
[0616/211204.986:WARNING:pe_image_reader.cc(340)] could not read dos header from C:\WINDOWS\SYSTEM32\CRYPTBASE.DLL
[0616/211204.986:ERROR:process_memory_win.cc(73)] ReadMemory at 0x7ffb2c825fe8 of 8 bytes failed: Only part of a ReadProcessMemory or WriteProcessMemory request was completed. (0x12B)
[0616/211204.986:ERROR:process_snapshot_win.cc(333)] failed to read target address
[0616/211205.205:ERROR:process_memory_win.cc(73)] ReadMemory at 0x7ff6e0850000 of 64 bytes failed: Only part of a ReadProcessMemory or WriteProcessMemory request was completed. (0x12B)
[0616/211205.205:WARNING:pe_image_reader.cc(340)] could not read dos header from C:\Program Files (x86)\Microsoft\Edge\Application\msedge.exe
[0616/211205.205:ERROR:process_memory_win.cc(73)] ReadMemory at 0x7ff6e0850000 of 64 bytes failed: Only part of a ReadProcessMemory or WriteProcessMemory request was completed. (0x12B)
[0616/211205.205:WARNING:pe_image_reader.cc(340)] could not read dos header from C:\Program Files (x86)\Microsoft\Edge\Application\msedge.exe
[0616/211205.205:ERROR:process_memory_win.cc(73)] ReadMemory at 0x7ffb2c6c0000 of 64 bytes failed: Only part of a ReadProcessMemory or WriteProcessMemory request was completed. (0x12B)
[0616/211205.205:WARNING:pe_image_reader.cc(340)] could not read dos header from C:\WINDOWS\SYSTEM32\ntdll.dll
[0616/211205.205:ERROR:process_memory_win.cc(73)] ReadMemory at 0x7ffb2c6c0000 of 64 bytes failed: Only part of a ReadProcessMemory or WriteProcessMemory request was completed. (0x12B)
[0616/211205.205:WARNING:pe_image_reader.cc(340)] could not read dos header from C:\WINDOWS\SYSTEM32\ntdll.dll
[0616/211205.205:ERROR:process_memory_win.cc(73)] ReadMemory at 0x7ffb2c5c0000 of 64 bytes failed: Only part of a ReadProcessMemory or WriteProcessMemory request was completed. (0x12B)
[0616/211205.205:WARNING:pe_image_reader.cc(340)] could not read dos header from C:\WINDOWS\System32\KERNEL32.DLL
[0616/211205.205:ERROR:process_memory_win.cc(73)] ReadMemory at 0x7ffb2c5c0000 of 64 bytes failed: Only part of a ReadProcessMemory or WriteProcessMemory request was completed. (0x12B)
[0616/211205.205:WARNING:pe_image_reader.cc(340)] could not read dos header from C:\WINDOWS\System32\KERNEL32.DLL
[0616/211205.205:ERROR:process_memory_win.cc(73)] ReadMemory at 0x7ffb2a2d0000 of 64 bytes failed: Only part of a ReadProcessMemory or WriteProcessMemory request was completed. (0x12B)
[0616/211205.205:WARNING:pe_image_reader.cc(340)] could not read dos header from C:\WINDOWS\System32\KERNELBASE.dll
[0616/211205.205:ERROR:process_memory_win.cc(73)] ReadMemory at 0x7ffb2a2d0000 of 64 bytes failed: Only part of a ReadProcessMemory or WriteProcessMemory request was completed. (0x12B)
[0616/211205.205:WARNING:pe_image_reader.cc(340)] could not read dos header from C:\WINDOWS\System32\KERNELBASE.dll
[0616/211205.205:ERROR:process_memory_win.cc(73)] ReadMemory at 0x7ffb076e0000 of 64 bytes failed: Only part of a ReadProcessMemory or WriteProcessMemory request was completed. (0x12B)
[0616/211205.205:WARNING:pe_image_reader.cc(340)] could not read dos header from C:\Program Files (x86)\Microsoft\Edge\Application\83.0.478.45\msedge_elf.dll
[0616/211205.205:ERROR:process_memory_win.cc(73)] ReadMemory at 0x7ffb076e0000 of 64 bytes failed: Only part of a ReadProcessMemory or WriteProcessMemory request was completed. (0x12B)
[0616/211205.205:WARNING:pe_image_reader.cc(340)] could not read dos header from C:\Program Files (x86)\Microsoft\Edge\Application\83.0.478.45\msedge_elf.dll
[0616/211205.205:ERROR:process_memory_win.cc(73)] ReadMemory at 0x7ffb2a0c0000 of 64 bytes failed: Only part of a ReadProcessMemory or WriteProcessMemory request was completed. (0x12B)
[0616/211205.205:WARNING:pe_image_reader.cc(340)] could not read dos header from C:\WINDOWS\System32\bcryptPrimitives.dll
[0616/211205.205:ERROR:process_memory_win.cc(73)] ReadMemory at 0x7ffb2a0c0000 of 64 bytes failed: Only part of a ReadProcessMemory or WriteProcessMemory request was completed. (0x12B)
[0616/211205.205:WARNING:pe_image_reader.cc(340)] could not read dos header from C:\WINDOWS\System32\bcryptPrimitives.dll
[0616/211205.205:ERROR:process_memory_win.cc(73)] ReadMemory at 0x7ffb2aac0000 of 64 bytes failed: Only part of a ReadProcessMemory or WriteProcessMemory request was completed. (0x12B)
[0616/211205.205:WARNING:pe_image_reader.cc(340)] could not read dos header from C:\WINDOWS\System32\ADVAPI32.dll
[0616/211205.205:ERROR:process_memory_win.cc(73)] ReadMemory at 0x7ffb2aac0000 of 64 bytes failed: Only part of a ReadProcessMemory or WriteProcessMemory request was completed. (0x12B)
[0616/211205.205:WARNING:pe_image_reader.cc(340)] could not read dos header from C:\WINDOWS\System32\ADVAPI32.dll
[0616/211205.205:ERROR:process_memory_win.cc(73)] ReadMemory at 0x7ffb2b190000 of 64 bytes failed: Only part of a ReadProcessMemory or WriteProcessMemory request was completed. (0x12B)
[0616/211205.205:WARNING:pe_image_reader.cc(340)] could not read dos header from C:\WINDOWS\System32\msvcrt.dll
[0616/211205.205:ERROR:process_memory_win.cc(73)] ReadMemory at 0x7ffb2b190000 of 64 bytes failed: Only part of a ReadProcessMemory or WriteProcessMemory request was completed. (0x12B)
[0616/211205.205:WARNING:pe_image_reader.cc(340)] could not read dos header from C:\WINDOWS\System32\msvcrt.dll
[0616/211205.205:ERROR:process_memory_win.cc(73)] ReadMemory at 0x7ffb2b0f0000 of 64 bytes failed: Only part of a ReadProcessMemory or WriteProcessMemory request was completed. (0x12B)
[0616/211205.205:WARNING:pe_image_reader.cc(340)] could not read dos header from C:\WINDOWS\System32\sechost.dll
[0616/211205.205:ERROR:process_memory_win.cc(73)] ReadMemory at 0x7ffb2b0f0000 of 64 bytes failed: Only part of a ReadProcessMemory or WriteProcessMemory request was completed. (0x12B)
[0616/211205.205:WARNING:pe_image_reader.cc(340)] could not read dos header from C:\WINDOWS\System32\sechost.dll
[0616/211205.205:ERROR:process_memory_win.cc(73)] ReadMemory at 0x7ffb2b2a0000 of 64 bytes failed: Only part of a ReadProcessMemory or WriteProcessMemory request was completed. (0x12B)
[0616/211205.205:WARNING:pe_image_reader.cc(340)] could not read dos header from C:\WINDOWS\System32\RPCRT4.dll
[0616/211205.205:ERROR:process_memory_win.cc(73)] ReadMemory at 0x7ffb2b2a0000 of 64 bytes failed: Only part of a ReadProcessMemory or WriteProcessMemory request was completed. (0x12B)
[0616/211205.205:WARNING:pe_image_reader.cc(340)] could not read dos header from C:\WINDOWS\System32\RPCRT4.dll
[0616/211205.205:ERROR:process_memory_win.cc(73)] ReadMemory at 0x7ffae10e0000 of 64 bytes failed: Only part of a ReadProcessMemory or WriteProcessMemory request was completed. (0x12B)
[0616/211205.205:WARNING:pe_image_reader.cc(340)] could not read dos header from C:\Program Files (x86)\Microsoft\Edge\Application\83.0.478.45\msedge.dll
[0616/211205.205:ERROR:process_memory_win.cc(73)] ReadMemory at 0x7ffae10e0000 of 64 bytes failed: Only part of a ReadProcessMemory or WriteProcessMemory request was completed. (0x12B)
[0616/211205.205:WARNING:pe_image_reader.cc(340)] could not read dos header from C:\Program Files (x86)\Microsoft\Edge\Application\83.0.478.45\msedge.dll
[0616/211205.205:ERROR:process_memory_win.cc(73)] ReadMemory at 0x7ffb2b230000 of 64 bytes failed: Only part of a ReadProcessMemory or WriteProcessMemory request was completed. (0x12B)
[0616/211205.205:WARNING:pe_image_reader.cc(340)] could not read dos header from C:\WINDOWS\System32\WS2_32.dll
[0616/211205.205:ERROR:process_memory_win.cc(73)] ReadMemory at 0x7ffb2b230000 of 64 bytes failed: Only part of a ReadProcessMemory or WriteProcessMemory request was completed. (0x12B)
[0616/211205.205:WARNING:pe_image_reader.cc(340)] could not read dos header from C:\WINDOWS\System32\WS2_32.dll
[0616/211205.205:ERROR:process_memory_win.cc(73)] ReadMemory at 0x7ffb2ad40000 of 64 bytes failed: Only part of a ReadProcessMemory or WriteProcessMemory request was completed. (0x12B)
[0616/211205.205:WARNING:pe_image_reader.cc(340)] could not read dos header from C:\WINDOWS\System32\OLEAUT32.dll
[0616/211205.205:ERROR:process_memory_win.cc(73)] ReadMemory at 0x7ffb2ad40000 of 64 bytes failed: Only part of a ReadProcessMemory or WriteProcessMemory request was completed. (0x12B)
[0616/211205.205:WARNING:pe_image_reader.cc(340)] could not read dos header from C:\WINDOWS\System32\OLEAUT32.dll
[0616/211205.205:ERROR:process_memory_win.cc(73)] ReadMemory at 0x7ffb2a580000 of 64 bytes failed: Only part of a ReadProcessMemory or WriteProcessMemory request was completed. (0x12B)
[0616/211205.205:WARNING:pe_image_reader.cc(340)] could not read dos header from C:\WINDOWS\System32\msvcp_win.dll
[0616/211205.205:ERROR:process_memory_win.cc(73)] ReadMemory at 0x7ffb2a580000 of 64 bytes failed: Only part of a ReadProcessMemory or WriteProcessMemory request was completed. (0x12B)
[0616/211205.205:WARNING:pe_image_reader.cc(340)] could not read dos header from C:\WINDOWS\System32\msvcp_win.dll
[0616/211205.205:ERROR:process_memory_win.cc(73)] ReadMemory at 0x7ffb2a1a0000 of 64 bytes failed: Only part of a ReadProcessMemory or WriteProcessMemory request was completed. (0x12B)
[0616/211205.205:WARNING:pe_image_reader.cc(340)] could not read dos header from C:\WINDOWS\System32\ucrtbase.dll
[0616/211205.205:ERROR:process_memory_win.cc(73)] ReadMemory at 0x7ffb2a1a0000 of 64 bytes failed: Only part of a ReadProcessMemory or WriteProcessMemory request was completed. (0x12B)
[0616/211205.205:WARNING:pe_image_reader.cc(340)] could not read dos header from C:\WINDOWS\System32\ucrtbase.dll
[0616/211205.205:ERROR:process_memory_win.cc(73)] ReadMemory at 0x7ffb2c0f0000 of 64 bytes failed: Only part of a ReadProcessMemory or WriteProcessMemory request was completed. (0x12B)
[0616/211205.205:WARNING:pe_image_reader.cc(340)] could not read dos header from C:\WINDOWS\System32\combase.dll
[0616/211205.205:ERROR:process_memory_win.cc(73)] ReadMemory at 0x7ffb2c0f0000 of 64 bytes failed: Only part of a ReadProcessMemory or WriteProcessMemory request was completed. (0x12B)
[0616/211205.205:WARNING:pe_image_reader.cc(340)] could not read dos header from C:\WINDOWS\System32\combase.dll
[0616/211205.205:ERROR:process_memory_win.cc(73)] ReadMemory at 0x7ffb2a140000 of 64 bytes failed: Only part of a ReadProcessMemory or WriteProcessMemory request was completed. (0x12B)
[0616/211205.205:WARNING:pe_image_reader.cc(340)] could not read dos header from C:\WINDOWS\System32\WINTRUST.dll
[0616/211205.205:ERROR:process_memory_win.cc(73)] ReadMemory at 0x7ffb2a140000 of 64 bytes failed: Only part of a ReadProcessMemory or WriteProcessMemory request was completed. (0x12B)
[0616/211205.205:WARNING:pe_image_reader.cc(340)] could not read dos header from C:\WINDOWS\System32\WINTRUST.dll
[0616/211205.205:ERROR:process_memory_win.cc(73)] ReadMemory at 0x7ffb295b0000 of 64 bytes failed: Only part of a ReadProcessMemory or WriteProcessMemory request was completed. (0x12B)
[0616/211205.205:WARNING:pe_image_reader.cc(340)] could not read dos header from C:\WINDOWS\System32\MSASN1.dll
[0616/211205.205:ERROR:process_memory_win.cc(73)] ReadMemory at 0x7ffb295b0000 of 64 bytes failed: Only part of a ReadProcessMemory or WriteProcessMemory request was completed. (0x12B)
[0616/211205.205:WARNING:pe_image_reader.cc(340)] could not read dos header from C:\WINDOWS\System32\MSASN1.dll
[0616/211205.205:ERROR:process_memory_win.cc(73)] ReadMemory at 0x7ffb2a620000 of 64 bytes failed: Only part of a ReadProcessMemory or WriteProcessMemory request was completed. (0x12B)
[0616/211205.205:WARNING:pe_image_reader.cc(340)] could not read dos header from C:\WINDOWS\System32\CRYPT32.dll
[0616/211205.205:ERROR:process_memory_win.cc(73)] ReadMemory at 0x7ffb2a620000 of 64 bytes failed: Only part of a ReadProcessMemory or WriteProcessMemory request was completed. (0x12B)
[0616/211205.205:WARNING:pe_image_reader.cc(340)] could not read dos header from C:\WINDOWS\System32\CRYPT32.dll
[0616/211205.205:ERROR:process_memory_win.cc(73)] ReadMemory at 0x7ffb28b00000 of 64 bytes failed: Only part of a ReadProcessMemory or WriteProcessMemory request was completed. (0x12B)
[0616/211205.205:WARNING:pe_image_reader.cc(340)] could not read dos header from C:\WINDOWS\SYSTEM32\IPHLPAPI.DLL
[0616/211205.205:ERROR:process_memory_win.cc(73)] ReadMemory at 0x7ffb28b00000 of 64 bytes failed: Only part of a ReadProcessMemory or WriteProcessMemory request was completed. (0x12B)
[0616/211205.205:WARNING:pe_image_reader.cc(340)] could not read dos header from C:\WINDOWS\SYSTEM32\IPHLPAPI.DLL
[0616/211205.205:ERROR:process_memory_win.cc(73)] ReadMemory at 0x7ffb25900000 of 64 bytes failed: Only part of a ReadProcessMemory or WriteProcessMemory request was completed. (0x12B)
[0616/211205.205:WARNING:pe_image_reader.cc(340)] could not read dos header from C:\WINDOWS\SYSTEM32\WINMM.dll
[0616/211205.205:ERROR:process_memory_win.cc(73)] ReadMemory at 0x7ffb25900000 of 64 bytes failed: Only part of a ReadProcessMemory or WriteProcessMemory request was completed. (0x12B)
[0616/211205.205:WARNING:pe_image_reader.cc(340)] could not read dos header from C:\WINDOWS\SYSTEM32\WINMM.dll
[0616/211205.205:ERROR:process_memory_win.cc(73)] ReadMemory at 0x7ffb07530000 of 64 bytes failed: Only part of a ReadProcessMemory or WriteProcessMemory request was completed. (0x12B)
[0616/211205.205:WARNING:pe_image_reader.cc(340)] could not read dos header from C:\WINDOWS\SYSTEM32\Secur32.dll
[0616/211205.205:ERROR:process_memory_win.cc(73)] ReadMemory at 0x7ffb07530000 of 64 bytes failed: Only part of a ReadProcessMemory or WriteProcessMemory request was completed. (0x12B)
[0616/211205.205:WARNING:pe_image_reader.cc(340)] could not read dos header from C:\WINDOWS\SYSTEM32\Secur32.dll
[0616/211205.205:ERROR:process_memory_win.cc(73)] ReadMemory at 0x7ffb294a0000 of 64 bytes failed: Only part of a ReadProcessMemory or WriteProcessMemory request was completed. (0x12B)
[0616/211205.205:WARNING:pe_image_reader.cc(340)] could not read dos header from C:\WINDOWS\SYSTEM32\USERENV.dll
[0616/211205.205:ERROR:process_memory_win.cc(73)] ReadMemory at 0x7ffb294a0000 of 64 bytes failed: Only part of a ReadProcessMemory or WriteProcessMemory request was completed. (0x12B)
[0616/211205.205:WARNING:pe_image_reader.cc(340)] could not read dos header from C:\WINDOWS\SYSTEM32\USERENV.dll
[0616/211205.205:ERROR:process_memory_win.cc(73)] ReadMemory at 0x7ffb295d0000 of 64 bytes failed: Only part of a ReadProcessMemory or WriteProcessMemory request was completed. (0x12B)
[0616/211205.205:WARNING:pe_image_reader.cc(340)] could not read dos header from C:\WINDOWS\System32\profapi.dll
[0616/211205.205:ERROR:process_memory_win.cc(73)] ReadMemory at 0x7ffb295d0000 of 64 bytes failed: Only part of a ReadProcessMemory or WriteProcessMemory request was completed. (0x12B)
[0616/211205.205:WARNING:pe_image_reader.cc(340)] could not read dos header from C:\WINDOWS\System32\profapi.dll
[0616/211205.205:ERROR:process_memory_win.cc(73)] ReadMemory at 0x7ffafcfb0000 of 64 bytes failed: Only part of a ReadProcessMemory or WriteProcessMemory request was completed. (0x12B)
[0616/211205.205:WARNING:pe_image_reader.cc(340)] could not read dos header from C:\WINDOWS\SYSTEM32\UIAutomationCore.DLL
[0616/211205.205:ERROR:process_memory_win.cc(73)] ReadMemory at 0x7ffafcfb0000 of 64 bytes failed: Only part of a ReadProcessMemory or WriteProcessMemory request was completed. (0x12B)
[0616/211205.205:WARNING:pe_image_reader.cc(340)] could not read dos header from C:\WINDOWS\SYSTEM32\UIAutomationCore.DLL
[0616/211205.205:ERROR:process_memory_win.cc(73)] ReadMemory at 0x7ffb1c750000 of 64 bytes failed: Only part of a ReadProcessMemory or WriteProcessMemory request was completed. (0x12B)
[0616/211205.205:WARNING:pe_image_reader.cc(340)] could not read dos header from C:\WINDOWS\SYSTEM32\WINHTTP.dll
[0616/211205.205:ERROR:process_memory_win.cc(73)] ReadMemory at 0x7ffb1c750000 of 64 bytes failed: Only part of a ReadProcessMemory or WriteProcessMemory request was completed. (0x12B)
[0616/211205.205:WARNING:pe_image_reader.cc(340)] could not read dos header from C:\WINDOWS\SYSTEM32\WINHTTP.dll
[0616/211205.205:ERROR:process_memory_win.cc(73)] ReadMemory at 0x7ffb19500000 of 64 bytes failed: Only part of a ReadProcessMemory or WriteProcessMemory request was completed. (0x12B)
[0616/211205.205:WARNING:pe_image_reader.cc(340)] could not read dos header from C:\WINDOWS\SYSTEM32\DWrite.dll
[0616/211205.205:ERROR:process_memory_win.cc(73)] ReadMemory at 0x7ffb19500000 of 64 bytes failed: Only part of a ReadProcessMemory or WriteProcessMemory request was completed. (0x12B)
[0616/211205.205:WARNING:pe_image_reader.cc(340)] could not read dos header from C:\WINDOWS\SYSTEM32\DWrite.dll
[0616/211205.205:ERROR:process_memory_win.cc(73)] ReadMemory at 0x7ffb167c0000 of 64 bytes failed: Only part of a ReadProcessMemory or WriteProcessMemory request was completed. (0x12B)
[0616/211205.205:WARNING:pe_image_reader.cc(340)] could not read dos header from C:\WINDOWS\SYSTEM32\WINSPOOL.DRV
[0616/211205.205:ERROR:process_memory_win.cc(73)] ReadMemory at 0x7ffb167c0000 of 64 bytes failed: Only part of a ReadProcessMemory or WriteProcessMemory request was completed. (0x12B)
[0616/211205.205:WARNING:pe_image_reader.cc(340)] could not read dos header from C:\WINDOWS\SYSTEM32\WINSPOOL.DRV
[0616/211205.205:ERROR:process_memory_win.cc(73)] ReadMemory at 0x7ffb29590000 of 64 bytes failed: Only part of a ReadProcessMemory or WriteProcessMemory request was completed. (0x12B)
[0616/211205.205:WARNING:pe_image_reader.cc(340)] could not read dos header from C:\WINDOWS\System32\kernel.appcore.dll
[0616/211205.205:ERROR:process_memory_win.cc(73)] ReadMemory at 0x7ffb29590000 of 64 bytes failed: Only part of a ReadProcessMemory or WriteProcessMemory request was completed. (0x12B)
[0616/211205.205:WARNING:pe_image_reader.cc(340)] could not read dos header from C:\WINDOWS\System32\kernel.appcore.dll
[0616/211205.205:ERROR:process_memory_win.cc(73)] ReadMemory at 0x7ffb29670000 of 64 bytes failed: Only part of a ReadProcessMemory or WriteProcessMemory request was completed. (0x12B)
[0616/211205.205:WARNING:pe_image_reader.cc(340)] could not read dos header from C:\WINDOWS\System32\bcrypt.dll
[0616/211205.205:ERROR:process_memory_win.cc(73)] ReadMemory at 0x7ffb29670000 of 64 bytes failed: Only part of a ReadProcessMemory or WriteProcessMemory request was completed. (0x12B)
[0616/211205.205:WARNING:pe_image_reader.cc(340)] could not read dos header from C:\WINDOWS\System32\bcrypt.dll
[0616/211205.205:ERROR:process_memory_win.cc(73)] ReadMemory at 0x7ffb27ea0000 of 64 bytes failed: Only part of a ReadProcessMemory or WriteProcessMemory request was completed. (0x12B)
[0616/211205.205:WARNING:pe_image_reader.cc(340)] could not read dos header from C:\WINDOWS\SYSTEM32\dbghelp.dll
[0616/211205.205:ERROR:process_memory_win.cc(73)] ReadMemory at 0x7ffb27ea0000 of 64 bytes failed: Only part of a ReadProcessMemory or WriteProcessMemory request was completed. (0x12B)
[0616/211205.205:WARNING:pe_image_reader.cc(340)] could not read dos header from C:\WINDOWS\SYSTEM32\dbghelp.dll
[0616/211205.205:ERROR:process_memory_win.cc(73)] ReadMemory at 0x7ffb1d0e0000 of 64 bytes failed: Only part of a ReadProcessMemory or WriteProcessMemory request was completed. (0x12B)
[0616/211205.205:WARNING:pe_image_reader.cc(340)] could not read dos header from C:\WINDOWS\SYSTEM32\dhcpcsvc.DLL
[0616/211205.205:ERROR:process_memory_win.cc(73)] ReadMemory at 0x7ffb1d0e0000 of 64 bytes failed: Only part of a ReadProcessMemory or WriteProcessMemory request was completed. (0x12B)
[0616/211205.205:WARNING:pe_image_reader.cc(340)] could not read dos header from C:\WINDOWS\SYSTEM32\dhcpcsvc.DLL
[0616/211205.205:ERROR:process_memory_win.cc(73)] ReadMemory at 0x7ffb2bbf0000 of 64 bytes failed: Only part of a ReadProcessMemory or WriteProcessMemory request was completed. (0x12B)
[0616/211205.205:WARNING:pe_image_reader.cc(340)] could not read dos header from C:\WINDOWS\System32\NSI.dll
[0616/211205.205:ERROR:process_memory_win.cc(73)] ReadMemory at 0x7ffb2bbf0000 of 64 bytes failed: Only part of a ReadProcessMemory or WriteProcessMemory request was completed. (0x12B)
[0616/211205.205:WARNING:pe_image_reader.cc(340)] could not read dos header from C:\WINDOWS\System32\NSI.dll
[0616/211205.205:ERROR:process_memory_win.cc(73)] ReadMemory at 0x7ffb258d0000 of 64 bytes failed: Only part of a ReadProcessMemory or WriteProcessMemory request was completed. (0x12B)
[0616/211205.205:WARNING:pe_image_reader.cc(340)] could not read dos header from C:\WINDOWS\SYSTEM32\WINMMBASE.dll
[0616/211205.205:ERROR:process_memory_win.cc(73)] ReadMemory at 0x7ffb258d0000 of 64 bytes failed: Only part of a ReadProcessMemory or WriteProcessMemory request was completed. (0x12B)
[0616/211205.205:WARNING:pe_image_reader.cc(340)] could not read dos header from C:\WINDOWS\SYSTEM32\WINMMBASE.dll
[0616/211205.205:ERROR:process_memory_win.cc(73)] ReadMemory at 0x7ffb296a0000 of 64 bytes failed: Only part of a ReadProcessMemory or WriteProcessMemory request was completed. (0x12B)
[0616/211205.205:WARNING:pe_image_reader.cc(340)] could not read dos header from C:\WINDOWS\System32\cfgmgr32.dll
[0616/211205.205:ERROR:process_memory_win.cc(73)] ReadMemory at 0x7ffb296a0000 of 64 bytes failed: Only part of a ReadProcessMemory or WriteProcessMemory request was completed. (0x12B)
[0616/211205.205:WARNING:pe_image_reader.cc(340)] could not read dos header from C:\WINDOWS\System32\cfgmgr32.dll
[0616/211205.205:ERROR:process_memory_win.cc(73)] ReadMemory at 0x7ffb27400000 of 64 bytes failed: Only part of a ReadProcessMemory or WriteProcessMemory request was completed. (0x12B)
[0616/211205.205:WARNING:pe_image_reader.cc(340)] could not read dos header from C:\WINDOWS\SYSTEM32\PROPSYS.dll
[0616/211205.205:ERROR:process_memory_win.cc(73)] ReadMemory at 0x7ffb27400000 of 64 bytes failed: Only part of a ReadProcessMemory or WriteProcessMemory request was completed. (0x12B)
[0616/211205.205:WARNING:pe_image_reader.cc(340)] could not read dos header from C:\WINDOWS\SYSTEM32\PROPSYS.dll
[0616/211205.205:ERROR:process_memory_win.cc(73)] ReadMemory at 0x7ffb2a9e0000 of 64 bytes failed: Only part of a ReadProcessMemory or WriteProcessMemory request was completed. (0x12B)
[0616/211205.205:WARNING:pe_image_reader.cc(340)] could not read dos header from C:\WINDOWS\System32\shcore.dll
[0616/211205.205:ERROR:process_memory_win.cc(73)] ReadMemory at 0x7ffb2a9e0000 of 64 bytes failed: Only part of a ReadProcessMemory or WriteProcessMemory request was completed. (0x12B)
[0616/211205.205:WARNING:pe_image_reader.cc(340)] could not read dos header from C:\WINDOWS\System32\shcore.dll
[0616/211205.205:ERROR:process_memory_win.cc(73)] ReadMemory at 0x7ffb29470000 of 64 bytes failed: Only part of a ReadProcessMemory or WriteProcessMemory request was completed. (0x12B)
[0616/211205.205:WARNING:pe_image_reader.cc(340)] could not read dos header from C:\WINDOWS\SYSTEM32\SSPICLI.DLL
[0616/211205.205:ERROR:process_memory_win.cc(73)] ReadMemory at 0x7ffb29470000 of 64 bytes failed: Only part of a ReadProcessMemory or WriteProcessMemory request was completed. (0x12B)
[0616/211205.205:WARNING:pe_image_reader.cc(340)] could not read dos header from C:\WINDOWS\SYSTEM32\SSPICLI.DLL
[0616/211205.205:ERROR:process_memory_win.cc(73)] ReadMemory at 0x7ffb28fc0000 of 64 bytes failed: Only part of a ReadProcessMemory or WriteProcessMemory request was completed. (0x12B)
[0616/211205.205:WARNING:pe_image_reader.cc(340)] could not read dos header from C:\WINDOWS\SYSTEM32\CRYPTBASE.DLL
[0616/211205.205:ERROR:process_memory_win.cc(73)] ReadMemory at 0x7ffb28fc0000 of 64 bytes failed: Only part of a ReadProcessMemory or WriteProcessMemory request was completed. (0x12B)
[0616/211205.205:WARNING:pe_image_reader.cc(340)] could not read dos header from C:\WINDOWS\SYSTEM32\CRYPTBASE.DLL
[0616/211205.205:ERROR:process_memory_win.cc(73)] ReadMemory at 0x7ffae10e0000 of 64 bytes failed: Only part of a ReadProcessMemory or WriteProcessMemory request was completed. (0x12B)
[0616/211205.205:WARNING:pe_image_reader.cc(340)] could not read dos header from C:\Program Files (x86)\Microsoft\Edge\Application\83.0.478.45\msedge.dll
[0616/211205.220:ERROR:process_memory_win.cc(73)] ReadMemory at 0x7ff6e0850000 of 64 bytes failed: Only part of a ReadProcessMemory or WriteProcessMemory request was completed. (0x12B)
[0616/211205.220:WARNING:pe_image_reader.cc(340)] could not read dos header from C:\Program Files (x86)\Microsoft\Edge\Application\msedge.exe
[0616/211205.220:ERROR:process_memory_win.cc(73)] ReadMemory at 0x7ffb2c6c0000 of 64 bytes failed: Only part of a ReadProcessMemory or WriteProcessMemory request was completed. (0x12B)
[0616/211205.220:WARNING:pe_image_reader.cc(340)] could not read dos header from C:\WINDOWS\SYSTEM32\ntdll.dll
[0616/211205.220:ERROR:process_memory_win.cc(73)] ReadMemory at 0x7ffb2c5c0000 of 64 bytes failed: Only part of a ReadProcessMemory or WriteProcessMemory request was completed. (0x12B)
[0616/211205.220:WARNING:pe_image_reader.cc(340)] could not read dos header from C:\WINDOWS\System32\KERNEL32.DLL
[0616/211205.220:ERROR:process_memory_win.cc(73)] ReadMemory at 0x7ffb2a2d0000 of 64 bytes failed: Only part of a ReadProcessMemory or WriteProcessMemory request was completed. (0x12B)
[0616/211205.220:WARNING:pe_image_reader.cc(340)] could not read dos header from C:\WINDOWS\System32\KERNELBASE.dll
[0616/211205.220:ERROR:process_memory_win.cc(73)] ReadMemory at 0x7ffb076e0000 of 64 bytes failed: Only part of a ReadProcessMemory or WriteProcessMemory request was completed. (0x12B)
[0616/211205.220:WARNING:pe_image_reader.cc(340)] could not read dos header from C:\Program Files (x86)\Microsoft\Edge\Application\83.0.478.45\msedge_elf.dll
[0616/211205.220:ERROR:process_memory_win.cc(73)] ReadMemory at 0x7ffb2a0c0000 of 64 bytes failed: Only part of a ReadProcessMemory or WriteProcessMemory request was completed. (0x12B)
[0616/211205.220:WARNING:pe_image_reader.cc(340)] could not read dos header from C:\WINDOWS\System32\bcryptPrimitives.dll
[0616/211205.220:ERROR:process_memory_win.cc(73)] ReadMemory at 0x7ffb2aac0000 of 64 bytes failed: Only part of a ReadProcessMemory or WriteProcessMemory request was completed. (0x12B)
[0616/211205.220:WARNING:pe_image_reader.cc(340)] could not read dos header from C:\WINDOWS\System32\ADVAPI32.dll
[0616/211205.220:ERROR:process_memory_win.cc(73)] ReadMemory at 0x7ffb2b190000 of 64 bytes failed: Only part of a ReadProcessMemory or WriteProcessMemory request was completed. (0x12B)
[0616/211205.220:WARNING:pe_image_reader.cc(340)] could not read dos header from C:\WINDOWS\System32\msvcrt.dll
[0616/211205.220:ERROR:process_memory_win.cc(73)] ReadMemory at 0x7ffb2b0f0000 of 64 bytes failed: Only part of a ReadProcessMemory or WriteProcessMemory request was completed. (0x12B)
[0616/211205.220:WARNING:pe_image_reader.cc(340)] could not read dos header from C:\WINDOWS\System32\sechost.dll
[0616/211205.220:ERROR:process_memory_win.cc(73)] ReadMemory at 0x7ffb2b2a0000 of 64 bytes failed: Only part of a ReadProcessMemory or WriteProcessMemory request was completed. (0x12B)
[0616/211205.220:WARNING:pe_image_reader.cc(340)] could not read dos header from C:\WINDOWS\System32\RPCRT4.dll
[0616/211205.220:ERROR:process_memory_win.cc(73)] ReadMemory at 0x7ffae10e0000 of 64 bytes failed: Only part of a ReadProcessMemory or WriteProcessMemory request was completed. (0x12B)
[0616/211205.220:WARNING:pe_image_reader.cc(340)] could not read dos header from C:\Program Files (x86)\Microsoft\Edge\Application\83.0.478.45\msedge.dll
[0616/211205.220:ERROR:process_memory_win.cc(73)] ReadMemory at 0x7ffb2b230000 of 64 bytes failed: Only part of a ReadProcessMemory or WriteProcessMemory request was completed. (0x12B)
[0616/211205.220:WARNING:pe_image_reader.cc(340)] could not read dos header from C:\WINDOWS\System32\WS2_32.dll
[0616/211205.220:ERROR:process_memory_win.cc(73)] ReadMemory at 0x7ffb2ad40000 of 64 bytes failed: Only part of a ReadProcessMemory or WriteProcessMemory request was completed. (0x12B)
[0616/211205.220:WARNING:pe_image_reader.cc(340)] could not read dos header from C:\WINDOWS\System32\OLEAUT32.dll
[0616/211205.220:ERROR:process_memory_win.cc(73)] ReadMemory at 0x7ffb2a580000 of 64 bytes failed: Only part of a ReadProcessMemory or WriteProcessMemory request was completed. (0x12B)
[0616/211205.220:WARNING:pe_image_reader.cc(340)] could not read dos header from C:\WINDOWS\System32\msvcp_win.dll
[0616/211205.220:ERROR:process_memory_win.cc(73)] ReadMemory at 0x7ffb2a1a0000 of 64 bytes failed: Only part of a ReadProcessMemory or WriteProcessMemory request was completed. (0x12B)
[0616/211205.220:WARNING:pe_image_reader.cc(340)] could not read dos header from C:\WINDOWS\System32\ucrtbase.dll
[0616/211205.220:ERROR:process_memory_win.cc(73)] ReadMemory at 0x7ffb2c0f0000 of 64 bytes failed: Only part of a ReadProcessMemory or WriteProcessMemory request was completed. (0x12B)
[0616/211205.220:WARNING:pe_image_reader.cc(340)] could not read dos header from C:\WINDOWS\System32\combase.dll
[0616/211205.220:ERROR:process_memory_win.cc(73)] ReadMemory at 0x7ffb2a140000 of 64 bytes failed: Only part of a ReadProcessMemory or WriteProcessMemory request was completed. (0x12B)
[0616/211205.220:WARNING:pe_image_reader.cc(340)] could not read dos header from C:\WINDOWS\System32\WINTRUST.dll
[0616/211205.220:ERROR:process_memory_win.cc(73)] ReadMemory at 0x7ffb295b0000 of 64 bytes failed: Only part of a ReadProcessMemory or WriteProcessMemory request was completed. (0x12B)
[0616/211205.220:WARNING:pe_image_reader.cc(340)] could not read dos header from C:\WINDOWS\System32\MSASN1.dll
[0616/211205.220:ERROR:process_memory_win.cc(73)] ReadMemory at 0x7ffb2a620000 of 64 bytes failed: Only part of a ReadProcessMemory or WriteProcessMemory request was completed. (0x12B)
[0616/211205.220:WARNING:pe_image_reader.cc(340)] could not read dos header from C:\WINDOWS\System32\CRYPT32.dll
[0616/211205.220:ERROR:process_memory_win.cc(73)] ReadMemory at 0x7ffb28b00000 of 64 bytes failed: Only part of a ReadProcessMemory or WriteProcessMemory request was completed. (0x12B)
[0616/211205.220:WARNING:pe_image_reader.cc(340)] could not read dos header from C:\WINDOWS\SYSTEM32\IPHLPAPI.DLL
[0616/211205.220:ERROR:process_memory_win.cc(73)] ReadMemory at 0x7ffb25900000 of 64 bytes failed: Only part of a ReadProcessMemory or WriteProcessMemory request was completed. (0x12B)
[0616/211205.220:WARNING:pe_image_reader.cc(340)] could not read dos header from C:\WINDOWS\SYSTEM32\WINMM.dll
[0616/211205.220:ERROR:process_memory_win.cc(73)] ReadMemory at 0x7ffb07530000 of 64 bytes failed: Only part of a ReadProcessMemory or WriteProcessMemory request was completed. (0x12B)
[0616/211205.220:WARNING:pe_image_reader.cc(340)] could not read dos header from C:\WINDOWS\SYSTEM32\Secur32.dll
[0616/211205.220:ERROR:process_memory_win.cc(73)] ReadMemory at 0x7ffb294a0000 of 64 bytes failed: Only part of a ReadProcessMemory or WriteProcessMemory request was completed. (0x12B)
[0616/211205.220:WARNING:pe_image_reader.cc(340)] could not read dos header from C:\WINDOWS\SYSTEM32\USERENV.dll
[0616/211205.220:ERROR:process_memory_win.cc(73)] ReadMemory at 0x7ffb295d0000 of 64 bytes failed: Only part of a ReadProcessMemory or WriteProcessMemory request was completed. (0x12B)
[0616/211205.220:WARNING:pe_image_reader.cc(340)] could not read dos header from C:\WINDOWS\System32\profapi.dll
[0616/211205.220:ERROR:process_memory_win.cc(73)] ReadMemory at 0x7ffafcfb0000 of 64 bytes failed: Only part of a ReadProcessMemory or WriteProcessMemory request was completed. (0x12B)
[0616/211205.220:WARNING:pe_image_reader.cc(340)] could not read dos header from C:\WINDOWS\SYSTEM32\UIAutomationCore.DLL
[0616/211205.220:ERROR:process_memory_win.cc(73)] ReadMemory at 0x7ffb1c750000 of 64 bytes failed: Only part of a ReadProcessMemory or WriteProcessMemory request was completed. (0x12B)
[0616/211205.220:WARNING:pe_image_reader.cc(340)] could not read dos header from C:\WINDOWS\SYSTEM32\WINHTTP.dll
[0616/211205.220:ERROR:process_memory_win.cc(73)] ReadMemory at 0x7ffb19500000 of 64 bytes failed: Only part of a ReadProcessMemory or WriteProcessMemory request was completed. (0x12B)
[0616/211205.220:WARNING:pe_image_reader.cc(340)] could not read dos header from C:\WINDOWS\SYSTEM32\DWrite.dll
[0616/211205.220:ERROR:process_memory_win.cc(73)] ReadMemory at 0x7ffb167c0000 of 64 bytes failed: Only part of a ReadProcessMemory or WriteProcessMemory request was completed. (0x12B)
[0616/211205.220:WARNING:pe_image_reader.cc(340)] could not read dos header from C:\WINDOWS\SYSTEM32\WINSPOOL.DRV
[0616/211205.220:ERROR:process_memory_win.cc(73)] ReadMemory at 0x7ffb29590000 of 64 bytes failed: Only part of a ReadProcessMemory or WriteProcessMemory request was completed. (0x12B)
[0616/211205.220:WARNING:pe_image_reader.cc(340)] could not read dos header from C:\WINDOWS\System32\kernel.appcore.dll
[0616/211205.220:ERROR:process_memory_win.cc(73)] ReadMemory at 0x7ffb29670000 of 64 bytes failed: Only part of a ReadProcessMemory or WriteProcessMemory request was completed. (0x12B)
[0616/211205.220:WARNING:pe_image_reader.cc(340)] could not read dos header from C:\WINDOWS\System32\bcrypt.dll
[0616/211205.220:ERROR:process_memory_win.cc(73)] ReadMemory at 0x7ffb27ea0000 of 64 bytes failed: Only part of a ReadProcessMemory or WriteProcessMemory request was completed. (0x12B)
[0616/211205.220:WARNING:pe_image_reader.cc(340)] could not read dos header from C:\WINDOWS\SYSTEM32\dbghelp.dll
[0616/211205.220:ERROR:process_memory_win.cc(73)] ReadMemory at 0x7ffb1d0e0000 of 64 bytes failed: Only part of a ReadProcessMemory or WriteProcessMemory request was completed. (0x12B)
[0616/211205.220:WARNING:pe_image_reader.cc(340)] could not read dos header from C:\WINDOWS\SYSTEM32\dhcpcsvc.DLL
[0616/211205.220:ERROR:process_memory_win.cc(73)] ReadMemory at 0x7ffb2bbf0000 of 64 bytes failed: Only part of a ReadProcessMemory or WriteProcessMemory request was completed. (0x12B)
[0616/211205.220:WARNING:pe_image_reader.cc(340)] could not read dos header from C:\WINDOWS\System32\NSI.dll
[0616/211205.220:ERROR:process_memory_win.cc(73)] ReadMemory at 0x7ffb258d0000 of 64 bytes failed: Only part of a ReadProcessMemory or WriteProcessMemory request was completed. (0x12B)
[0616/211205.220:WARNING:pe_image_reader.cc(340)] could not read dos header from C:\WINDOWS\SYSTEM32\WINMMBASE.dll
[0616/211205.220:ERROR:process_memory_win.cc(73)] ReadMemory at 0x7ffb296a0000 of 64 bytes failed: Only part of a ReadProcessMemory or WriteProcessMemory request was completed. (0x12B)
[0616/211205.220:WARNING:pe_image_reader.cc(340)] could not read dos header from C:\WINDOWS\System32\cfgmgr32.dll
[0616/211205.220:ERROR:process_memory_win.cc(73)] ReadMemory at 0x7ffb27400000 of 64 bytes failed: Only part of a ReadProcessMemory or WriteProcessMemory request was completed. (0x12B)
[0616/211205.220:WARNING:pe_image_reader.cc(340)] could not read dos header from C:\WINDOWS\SYSTEM32\PROPSYS.dll
[0616/211205.220:ERROR:process_memory_win.cc(73)] ReadMemory at 0x7ffb2a9e0000 of 64 bytes failed: Only part of a ReadProcessMemory or WriteProcessMemory request was completed. (0x12B)
[0616/211205.220:WARNING:pe_image_reader.cc(340)] could not read dos header from C:\WINDOWS\System32\shcore.dll
[0616/211205.220:ERROR:process_memory_win.cc(73)] ReadMemory at 0x7ffb29470000 of 64 bytes failed: Only part of a ReadProcessMemory or WriteProcessMemory request was completed. (0x12B)
[0616/211205.220:WARNING:pe_image_reader.cc(340)] could not read dos header from C:\WINDOWS\SYSTEM32\SSPICLI.DLL
[0616/211205.220:ERROR:process_memory_win.cc(73)] ReadMemory at 0x7ffb28fc0000 of 64 bytes failed: Only part of a ReadProcessMemory or WriteProcessMemory request was completed. (0x12B)
[0616/211205.220:WARNING:pe_image_reader.cc(340)] could not read dos header from C:\WINDOWS\SYSTEM32\CRYPTBASE.DLL
[0616/211205.220:ERROR:process_memory_win.cc(73)] ReadMemory at 0x7ff6e0850000 of 64 bytes failed: Only part of a ReadProcessMemory or WriteProcessMemory request was completed. (0x12B)
[0616/211205.220:WARNING:pe_image_reader.cc(340)] could not read dos header from C:\Program Files (x86)\Microsoft\Edge\Application\msedge.exe
[0616/211205.220:ERROR:process_memory_win.cc(73)] ReadMemory at 0x7ffb2c6c0000 of 64 bytes failed: Only part of a ReadProcessMemory or WriteProcessMemory request was completed. (0x12B)
[0616/211205.220:WARNING:pe_image_reader.cc(340)] could not read dos header from C:\WINDOWS\SYSTEM32\ntdll.dll
[0616/211205.220:ERROR:process_memory_win.cc(73)] ReadMemory at 0x7ffb2c5c0000 of 64 bytes failed: Only part of a ReadProcessMemory or WriteProcessMemory request was completed. (0x12B)
[0616/211205.220:WARNING:pe_image_reader.cc(340)] could not read dos header from C:\WINDOWS\System32\KERNEL32.DLL
[0616/211205.220:ERROR:process_memory_win.cc(73)] ReadMemory at 0x7ffb2a2d0000 of 64 bytes failed: Only part of a ReadProcessMemory or WriteProcessMemory request was completed. (0x12B)
[0616/211205.220:WARNING:pe_image_reader.cc(340)] could not read dos header from C:\WINDOWS\System32\KERNELBASE.dll
[0616/211205.220:ERROR:process_memory_win.cc(73)] ReadMemory at 0x7ffb076e0000 of 64 bytes failed: Only part of a ReadProcessMemory or WriteProcessMemory request was completed. (0x12B)
[0616/211205.220:WARNING:pe_image_reader.cc(340)] could not read dos header from C:\Program Files (x86)\Microsoft\Edge\Application\83.0.478.45\msedge_elf.dll
[0616/211205.220:ERROR:process_memory_win.cc(73)] ReadMemory at 0x7ffb2a0c0000 of 64 bytes failed: Only part of a ReadProcessMemory or WriteProcessMemory request was completed. (0x12B)
[0616/211205.220:WARNING:pe_image_reader.cc(340)] could not read dos header from C:\WINDOWS\System32\bcryptPrimitives.dll
[0616/211205.220:ERROR:process_memory_win.cc(73)] ReadMemory at 0x7ffb2aac0000 of 64 bytes failed: Only part of a ReadProcessMemory or WriteProcessMemory request was completed. (0x12B)
[0616/211205.220:WARNING:pe_image_reader.cc(340)] could not read dos header from C:\WINDOWS\System32\ADVAPI32.dll
[0616/211205.220:ERROR:process_memory_win.cc(73)] ReadMemory at 0x7ffb2b190000 of 64 bytes failed: Only part of a ReadProcessMemory or WriteProcessMemory request was completed. (0x12B)
[0616/211205.220:WARNING:pe_image_reader.cc(340)] could not read dos header from C:\WINDOWS\System32\msvcrt.dll
[0616/211205.220:ERROR:process_memory_win.cc(73)] ReadMemory at 0x7ffb2b0f0000 of 64 bytes failed: Only part of a ReadProcessMemory or WriteProcessMemory request was completed. (0x12B)
[0616/211205.220:WARNING:pe_image_reader.cc(340)] could not read dos header from C:\WINDOWS\System32\sechost.dll
[0616/211205.220:ERROR:process_memory_win.cc(73)] ReadMemory at 0x7ffb2b2a0000 of 64 bytes failed: Only part of a ReadProcessMemory or WriteProcessMemory request was completed. (0x12B)
[0616/211205.220:WARNING:pe_image_reader.cc(340)] could not read dos header from C:\WINDOWS\System32\RPCRT4.dll
[0616/211205.220:ERROR:process_memory_win.cc(73)] ReadMemory at 0x7ffae10e0000 of 64 bytes failed: Only part of a ReadProcessMemory or WriteProcessMemory request was completed. (0x12B)
[0616/211205.220:WARNING:pe_image_reader.cc(340)] could not read dos header from C:\Program Files (x86)\Microsoft\Edge\Application\83.0.478.45\msedge.dll
[0616/211205.220:ERROR:process_memory_win.cc(73)] ReadMemory at 0x7ffb2b230000 of 64 bytes failed: Only part of a ReadProcessMemory or WriteProcessMemory request was completed. (0x12B)
[0616/211205.220:WARNING:pe_image_reader.cc(340)] could not read dos header from C:\WINDOWS\System32\WS2_32.dll
[0616/211205.220:ERROR:process_memory_win.cc(73)] ReadMemory at 0x7ffb2ad40000 of 64 bytes failed: Only part of a ReadProcessMemory or WriteProcessMemory request was completed. (0x12B)
[0616/211205.220:WARNING:pe_image_reader.cc(340)] could not read dos header from C:\WINDOWS\System32\OLEAUT32.dll
[0616/211205.220:ERROR:process_memory_win.cc(73)] ReadMemory at 0x7ffb2a580000 of 64 bytes failed: Only part of a ReadProcessMemory or WriteProcessMemory request was completed. (0x12B)
[0616/211205.220:WARNING:pe_image_reader.cc(340)] could not read dos header from C:\WINDOWS\System32\msvcp_win.dll
[0616/211205.220:ERROR:process_memory_win.cc(73)] ReadMemory at 0x7ffb2a1a0000 of 64 bytes failed: Only part of a ReadProcessMemory or WriteProcessMemory request was completed. (0x12B)
[0616/211205.220:WARNING:pe_image_reader.cc(340)] could not read dos header from C:\WINDOWS\System32\ucrtbase.dll
[0616/211205.220:ERROR:process_memory_win.cc(73)] ReadMemory at 0x7ffb2c0f0000 of 64 bytes failed: Only part of a ReadProcessMemory or WriteProcessMemory request was completed. (0x12B)
[0616/211205.220:WARNING:pe_image_reader.cc(340)] could not read dos header from C:\WINDOWS\System32\combase.dll
[0616/211205.220:ERROR:process_memory_win.cc(73)] ReadMemory at 0x7ffb2a140000 of 64 bytes failed: Only part of a ReadProcessMemory or WriteProcessMemory request was completed. (0x12B)
[0616/211205.220:WARNING:pe_image_reader.cc(340)] could not read dos header from C:\WINDOWS\System32\WINTRUST.dll
[0616/211205.220:ERROR:process_memory_win.cc(73)] ReadMemory at 0x7ffb295b0000 of 64 bytes failed: Only part of a ReadProcessMemory or WriteProcessMemory request was completed. (0x12B)
[0616/211205.220:WARNING:pe_image_reader.cc(340)] could not read dos header from C:\WINDOWS\System32\MSASN1.dll
[0616/211205.220:ERROR:process_memory_win.cc(73)] ReadMemory at 0x7ffb2a620000 of 64 bytes failed: Only part of a ReadProcessMemory or WriteProcessMemory request was completed. (0x12B)
[0616/211205.220:WARNING:pe_image_reader.cc(340)] could not read dos header from C:\WINDOWS\System32\CRYPT32.dll
[0616/211205.220:ERROR:process_memory_win.cc(73)] ReadMemory at 0x7ffb28b00000 of 64 bytes failed: Only part of a ReadProcessMemory or WriteProcessMemory request was completed. (0x12B)
[0616/211205.220:WARNING:pe_image_reader.cc(340)] could not read dos header from C:\WINDOWS\SYSTEM32\IPHLPAPI.DLL
[0616/211205.220:ERROR:process_memory_win.cc(73)] ReadMemory at 0x7ffb25900000 of 64 bytes failed: Only part of a ReadProcessMemory or WriteProcessMemory request was completed. (0x12B)
[0616/211205.220:WARNING:pe_image_reader.cc(340)] could not read dos header from C:\WINDOWS\SYSTEM32\WINMM.dll
[0616/211205.220:ERROR:process_memory_win.cc(73)] ReadMemory at 0x7ffb07530000 of 64 bytes failed: Only part of a ReadProcessMemory or WriteProcessMemory request was completed. (0x12B)
[0616/211205.220:WARNING:pe_image_reader.cc(340)] could not read dos header from C:\WINDOWS\SYSTEM32\Secur32.dll
[0616/211205.220:ERROR:process_memory_win.cc(73)] ReadMemory at 0x7ffb294a0000 of 64 bytes failed: Only part of a ReadProcessMemory or WriteProcessMemory request was completed. (0x12B)
[0616/211205.220:WARNING:pe_image_reader.cc(340)] could not read dos header from C:\WINDOWS\SYSTEM32\USERENV.dll
[0616/211205.220:ERROR:process_memory_win.cc(73)] ReadMemory at 0x7ffb295d0000 of 64 bytes failed: Only part of a ReadProcessMemory or WriteProcessMemory request was completed. (0x12B)
[0616/211205.220:WARNING:pe_image_reader.cc(340)] could not read dos header from C:\WINDOWS\System32\profapi.dll
[0616/211205.220:ERROR:process_memory_win.cc(73)] ReadMemory at 0x7ffafcfb0000 of 64 bytes failed: Only part of a ReadProcessMemory or WriteProcessMemory request was completed. (0x12B)
[0616/211205.220:WARNING:pe_image_reader.cc(340)] could not read dos header from C:\WINDOWS\SYSTEM32\UIAutomationCore.DLL
[0616/211205.220:ERROR:process_memory_win.cc(73)] ReadMemory at 0x7ffb1c750000 of 64 bytes failed: Only part of a ReadProcessMemory or WriteProcessMemory request was completed. (0x12B)
[0616/211205.220:WARNING:pe_image_reader.cc(340)] could not read dos header from C:\WINDOWS\SYSTEM32\WINHTTP.dll
[0616/211205.220:ERROR:process_memory_win.cc(73)] ReadMemory at 0x7ffb19500000 of 64 bytes failed: Only part of a ReadProcessMemory or WriteProcessMemory request was completed. (0x12B)
[0616/211205.220:WARNING:pe_image_reader.cc(340)] could not read dos header from C:\WINDOWS\SYSTEM32\DWrite.dll
[0616/211205.220:ERROR:process_memory_win.cc(73)] ReadMemory at 0x7ffb167c0000 of 64 bytes failed: Only part of a ReadProcessMemory or WriteProcessMemory request was completed. (0x12B)
[0616/211205.220:WARNING:pe_image_reader.cc(340)] could not read dos header from C:\WINDOWS\SYSTEM32\WINSPOOL.DRV
[0616/211205.220:ERROR:process_memory_win.cc(73)] ReadMemory at 0x7ffb29590000 of 64 bytes failed: Only part of a ReadProcessMemory or WriteProcessMemory request was completed. (0x12B)
[0616/211205.220:WARNING:pe_image_reader.cc(340)] could not read dos header from C:\WINDOWS\System32\kernel.appcore.dll
[0616/211205.220:ERROR:process_memory_win.cc(73)] ReadMemory at 0x7ffb29670000 of 64 bytes failed: Only part of a ReadProcessMemory or WriteProcessMemory request was completed. (0x12B)
[0616/211205.220:WARNING:pe_image_reader.cc(340)] could not read dos header from C:\WINDOWS\System32\bcrypt.dll
[0616/211205.220:ERROR:process_memory_win.cc(73)] ReadMemory at 0x7ffb27ea0000 of 64 bytes failed: Only part of a ReadProcessMemory or WriteProcessMemory request was completed. (0x12B)
[0616/211205.220:WARNING:pe_image_reader.cc(340)] could not read dos header from C:\WINDOWS\SYSTEM32\dbghelp.dll
[0616/211205.220:ERROR:process_memory_win.cc(73)] ReadMemory at 0x7ffb1d0e0000 of 64 bytes failed: Only part of a ReadProcessMemory or WriteProcessMemory request was completed. (0x12B)
[0616/211205.220:WARNING:pe_image_reader.cc(340)] could not read dos header from C:\WINDOWS\SYSTEM32\dhcpcsvc.DLL
[0616/211205.220:ERROR:process_memory_win.cc(73)] ReadMemory at 0x7ffb2bbf0000 of 64 bytes failed: Only part of a ReadProcessMemory or WriteProcessMemory request was completed. (0x12B)
[0616/211205.220:WARNING:pe_image_reader.cc(340)] could not read dos header from C:\WINDOWS\System32\NSI.dll
[0616/211205.220:ERROR:process_memory_win.cc(73)] ReadMemory at 0x7ffb258d0000 of 64 bytes failed: Only part of a ReadProcessMemory or WriteProcessMemory request was completed. (0x12B)
[0616/211205.220:WARNING:pe_image_reader.cc(340)] could not read dos header from C:\WINDOWS\SYSTEM32\WINMMBASE.dll
[0616/211205.220:ERROR:process_memory_win.cc(73)] ReadMemory at 0x7ffb296a0000 of 64 bytes failed: Only part of a ReadProcessMemory or WriteProcessMemory request was completed. (0x12B)
[0616/211205.220:WARNING:pe_image_reader.cc(340)] could not read dos header from C:\WINDOWS\System32\cfgmgr32.dll
[0616/211205.220:ERROR:process_memory_win.cc(73)] ReadMemory at 0x7ffb27400000 of 64 bytes failed: Only part of a ReadProcessMemory or WriteProcessMemory request was completed. (0x12B)
[0616/211205.220:WARNING:pe_image_reader.cc(340)] could not read dos header from C:\WINDOWS\SYSTEM32\PROPSYS.dll
[0616/211205.220:ERROR:process_memory_win.cc(73)] ReadMemory at 0x7ffb2a9e0000 of 64 bytes failed: Only part of a ReadProcessMemory or WriteProcessMemory request was completed. (0x12B)
[0616/211205.220:WARNING:pe_image_reader.cc(340)] could not read dos header from C:\WINDOWS\System32\shcore.dll
[0616/211205.220:ERROR:process_memory_win.cc(73)] ReadMemory at 0x7ffb29470000 of 64 bytes failed: Only part of a ReadProcessMemory or WriteProcessMemory request was completed. (0x12B)
[0616/211205.220:WARNING:pe_image_reader.cc(340)] could not read dos header from C:\WINDOWS\SYSTEM32\SSPICLI.DLL
[0616/211205.220:ERROR:process_memory_win.cc(73)] ReadMemory at 0x7ffb28fc0000 of 64 bytes failed: Only part of a ReadProcessMemory or WriteProcessMemory request was completed. (0x12B)
[0616/211205.220:WARNING:pe_image_reader.cc(340)] could not read dos header from C:\WINDOWS\SYSTEM32\CRYPTBASE.DLL
[0616/211205.220:ERROR:process_memory_win.cc(73)] ReadMemory at 0x7ff6e0850000 of 64 bytes failed: Only part of a ReadProcessMemory or WriteProcessMemory request was completed. (0x12B)
[0616/211205.220:WARNING:pe_image_reader.cc(340)] could not read dos header from C:\Program Files (x86)\Microsoft\Edge\Application\msedge.exe
[0616/211205.220:ERROR:process_memory_win.cc(73)] ReadMemory at 0x7ffb2c6c0000 of 64 bytes failed: Only part of a ReadProcessMemory or WriteProcessMemory request was completed. (0x12B)
[0616/211205.220:WARNING:pe_image_reader.cc(340)] could not read dos header from C:\WINDOWS\SYSTEM32\ntdll.dll
[0616/211205.220:ERROR:process_memory_win.cc(73)] ReadMemory at 0x7ffb2c5c0000 of 64 bytes failed: Only part of a ReadProcessMemory or WriteProcessMemory request was completed. (0x12B)
[0616/211205.220:WARNING:pe_image_reader.cc(340)] could not read dos header from C:\WINDOWS\System32\KERNEL32.DLL
[0616/211205.220:ERROR:process_memory_win.cc(73)] ReadMemory at 0x7ffb2a2d0000 of 64 bytes failed: Only part of a ReadProcessMemory or WriteProcessMemory request was completed. (0x12B)
[0616/211205.220:WARNING:pe_image_reader.cc(340)] could not read dos header from C:\WINDOWS\System32\KERNELBASE.dll
[0616/211205.220:ERROR:process_memory_win.cc(73)] ReadMemory at 0x7ffb076e0000 of 64 bytes failed: Only part of a ReadProcessMemory or WriteProcessMemory request was completed. (0x12B)
[0616/211205.220:WARNING:pe_image_reader.cc(340)] could not read dos header from C:\Program Files (x86)\Microsoft\Edge\Application\83.0.478.45\msedge_elf.dll
[0616/211205.220:ERROR:process_memory_win.cc(73)] ReadMemory at 0x7ffb2a0c0000 of 64 bytes failed: Only part of a ReadProcessMemory or WriteProcessMemory request was completed. (0x12B)
[0616/211205.220:WARNING:pe_image_reader.cc(340)] could not read dos header from C:\WINDOWS\System32\bcryptPrimitives.dll
[0616/211205.220:ERROR:process_memory_win.cc(73)] ReadMemory at 0x7ffb2aac0000 of 64 bytes failed: Only part of a ReadProcessMemory or WriteProcessMemory request was completed. (0x12B)
[0616/211205.220:WARNING:pe_image_reader.cc(340)] could not read dos header from C:\WINDOWS\System32\ADVAPI32.dll
[0616/211205.220:ERROR:process_memory_win.cc(73)] ReadMemory at 0x7ffb2b190000 of 64 bytes failed: Only part of a ReadProcessMemory or WriteProcessMemory request was completed. (0x12B)
[0616/211205.220:WARNING:pe_image_reader.cc(340)] could not read dos header from C:\WINDOWS\System32\msvcrt.dll
[0616/211205.220:ERROR:process_memory_win.cc(73)] ReadMemory at 0x7ffb2b0f0000 of 64 bytes failed: Only part of a ReadProcessMemory or WriteProcessMemory request was completed. (0x12B)
[0616/211205.220:WARNING:pe_image_reader.cc(340)] could not read dos header from C:\WINDOWS\System32\sechost.dll
[0616/211205.220:ERROR:process_memory_win.cc(73)] ReadMemory at 0x7ffb2b2a0000 of 64 bytes failed: Only part of a ReadProcessMemory or WriteProcessMemory request was completed. (0x12B)
[0616/211205.220:WARNING:pe_image_reader.cc(340)] could not read dos header from C:\WINDOWS\System32\RPCRT4.dll
[0616/211205.220:ERROR:process_memory_win.cc(73)] ReadMemory at 0x7ffae10e0000 of 64 bytes failed: Only part of a ReadProcessMemory or WriteProcessMemory request was completed. (0x12B)
[0616/211205.220:WARNING:pe_image_reader.cc(340)] could not read dos header from C:\Program Files (x86)\Microsoft\Edge\Application\83.0.478.45\msedge.dll
[0616/211205.220:ERROR:process_memory_win.cc(73)] ReadMemory at 0x7ffb2b230000 of 64 bytes failed: Only part of a ReadProcessMemory or WriteProcessMemory request was completed. (0x12B)
[0616/211205.220:WARNING:pe_image_reader.cc(340)] could not read dos header from C:\WINDOWS\System32\WS2_32.dll
[0616/211205.220:ERROR:process_memory_win.cc(73)] ReadMemory at 0x7ffb2ad40000 of 64 bytes failed: Only part of a ReadProcessMemory or WriteProcessMemory request was completed. (0x12B)
[0616/211205.220:WARNING:pe_image_reader.cc(340)] could not read dos header from C:\WINDOWS\System32\OLEAUT32.dll
[0616/211205.220:ERROR:process_memory_win.cc(73)] ReadMemory at 0x7ffb2a580000 of 64 bytes failed: Only part of a ReadProcessMemory or WriteProcessMemory request was completed. (0x12B)
[0616/211205.220:WARNING:pe_image_reader.cc(340)] could not read dos header from C:\WINDOWS\System32\msvcp_win.dll
[0616/211205.220:ERROR:process_memory_win.cc(73)] ReadMemory at 0x7ffb2a1a0000 of 64 bytes failed: Only part of a ReadProcessMemory or WriteProcessMemory request was completed. (0x12B)
[0616/211205.220:WARNING:pe_image_reader.cc(340)] could not read dos header from C:\WINDOWS\System32\ucrtbase.dll
[0616/211205.220:ERROR:process_memory_win.cc(73)] ReadMemory at 0x7ffb2c0f0000 of 64 bytes failed: Only part of a ReadProcessMemory or WriteProcessMemory request was completed. (0x12B)
[0616/211205.220:WARNING:pe_image_reader.cc(340)] could not read dos header from C:\WINDOWS\System32\combase.dll
[0616/211205.220:ERROR:process_memory_win.cc(73)] ReadMemory at 0x7ffb2a140000 of 64 bytes failed: Only part of a ReadProcessMemory or WriteProcessMemory request was completed. (0x12B)
[0616/211205.220:WARNING:pe_image_reader.cc(340)] could not read dos header from C:\WINDOWS\System32\WINTRUST.dll
[0616/211205.220:ERROR:process_memory_win.cc(73)] ReadMemory at 0x7ffb295b0000 of 64 bytes failed: Only part of a ReadProcessMemory or WriteProcessMemory request was completed. (0x12B)
[0616/211205.220:WARNING:pe_image_reader.cc(340)] could not read dos header from C:\WINDOWS\System32\MSASN1.dll
[0616/211205.220:ERROR:process_memory_win.cc(73)] ReadMemory at 0x7ffb2a620000 of 64 bytes failed: Only part of a ReadProcessMemory or WriteProcessMemory request was completed. (0x12B)
[0616/211205.220:WARNING:pe_image_reader.cc(340)] could not read dos header from C:\WINDOWS\System32\CRYPT32.dll
[0616/211205.220:ERROR:process_memory_win.cc(73)] ReadMemory at 0x7ffb28b00000 of 64 bytes failed: Only part of a ReadProcessMemory or WriteProcessMemory request was completed. (0x12B)
[0616/211205.220:WARNING:pe_image_reader.cc(340)] could not read dos header from C:\WINDOWS\SYSTEM32\IPHLPAPI.DLL
[0616/211205.220:ERROR:process_memory_win.cc(73)] ReadMemory at 0x7ffb25900000 of 64 bytes failed: Only part of a ReadProcessMemory or WriteProcessMemory request was completed. (0x12B)
[0616/211205.220:WARNING:pe_image_reader.cc(340)] could not read dos header from C:\WINDOWS\SYSTEM32\WINMM.dll
[0616/211205.220:ERROR:process_memory_win.cc(73)] ReadMemory at 0x7ffb07530000 of 64 bytes failed: Only part of a ReadProcessMemory or WriteProcessMemory request was completed. (0x12B)
[0616/211205.220:WARNING:pe_image_reader.cc(340)] could not read dos header from C:\WINDOWS\SYSTEM32\Secur32.dll
[0616/211205.220:ERROR:process_memory_win.cc(73)] ReadMemory at 0x7ffb294a0000 of 64 bytes failed: Only part of a ReadProcessMemory or WriteProcessMemory request was completed. (0x12B)
[0616/211205.220:WARNING:pe_image_reader.cc(340)] could not read dos header from C:\WINDOWS\SYSTEM32\USERENV.dll
[0616/211205.220:ERROR:process_memory_win.cc(73)] ReadMemory at 0x7ffb295d0000 of 64 bytes failed: Only part of a ReadProcessMemory or WriteProcessMemory request was completed. (0x12B)
[0616/211205.220:WARNING:pe_image_reader.cc(340)] could not read dos header from C:\WINDOWS\System32\profapi.dll
[0616/211205.220:ERROR:process_memory_win.cc(73)] ReadMemory at 0x7ffafcfb0000 of 64 bytes failed: Only part of a ReadProcessMemory or WriteProcessMemory request was completed. (0x12B)
[0616/211205.220:WARNING:pe_image_reader.cc(340)] could not read dos header from C:\WINDOWS\SYSTEM32\UIAutomationCore.DLL
[0616/211205.220:ERROR:process_memory_win.cc(73)] ReadMemory at 0x7ffb1c750000 of 64 bytes failed: Only part of a ReadProcessMemory or WriteProcessMemory request was completed. (0x12B)
[0616/211205.220:WARNING:pe_image_reader.cc(340)] could not read dos header from C:\WINDOWS\SYSTEM32\WINHTTP.dll
[0616/211205.220:ERROR:process_memory_win.cc(73)] ReadMemory at 0x7ffb19500000 of 64 bytes failed: Only part of a ReadProcessMemory or WriteProcessMemory request was completed. (0x12B)
[0616/211205.220:WARNING:pe_image_reader.cc(340)] could not read dos header from C:\WINDOWS\SYSTEM32\DWrite.dll
[0616/211205.220:ERROR:process_memory_win.cc(73)] ReadMemory at 0x7ffb167c0000 of 64 bytes failed: Only part of a ReadProcessMemory or WriteProcessMemory request was completed. (0x12B)
[0616/211205.220:WARNING:pe_image_reader.cc(340)] could not read dos header from C:\WINDOWS\SYSTEM32\WINSPOOL.DRV
[0616/211205.220:ERROR:process_memory_win.cc(73)] ReadMemory at 0x7ffb29590000 of 64 bytes failed: Only part of a ReadProcessMemory or WriteProcessMemory request was completed. (0x12B)
[0616/211205.220:WARNING:pe_image_reader.cc(340)] could not read dos header from C:\WINDOWS\System32\kernel.appcore.dll
[0616/211205.220:ERROR:process_memory_win.cc(73)] ReadMemory at 0x7ffb29670000 of 64 bytes failed: Only part of a ReadProcessMemory or WriteProcessMemory request was completed. (0x12B)
[0616/211205.220:WARNING:pe_image_reader.cc(340)] could not read dos header from C:\WINDOWS\System32\bcrypt.dll
[0616/211205.220:ERROR:process_memory_win.cc(73)] ReadMemory at 0x7ffb27ea0000 of 64 bytes failed: Only part of a ReadProcessMemory or WriteProcessMemory request was completed. (0x12B)
[0616/211205.220:WARNING:pe_image_reader.cc(340)] could not read dos header from C:\WINDOWS\SYSTEM32\dbghelp.dll
[0616/211205.220:ERROR:process_memory_win.cc(73)] ReadMemory at 0x7ffb1d0e0000 of 64 bytes failed: Only part of a ReadProcessMemory or WriteProcessMemory request was completed. (0x12B)
[0616/211205.220:WARNING:pe_image_reader.cc(340)] could not read dos header from C:\WINDOWS\SYSTEM32\dhcpcsvc.DLL
[0616/211205.220:ERROR:process_memory_win.cc(73)] ReadMemory at 0x7ffb2bbf0000 of 64 bytes failed: Only part of a ReadProcessMemory or WriteProcessMemory request was completed. (0x12B)
[0616/211205.220:WARNING:pe_image_reader.cc(340)] could not read dos header from C:\WINDOWS\System32\NSI.dll
[0616/211205.220:ERROR:process_memory_win.cc(73)] ReadMemory at 0x7ffb258d0000 of 64 bytes failed: Only part of a ReadProcessMemory or WriteProcessMemory request was completed. (0x12B)
[0616/211205.220:WARNING:pe_image_reader.cc(340)] could not read dos header from C:\WINDOWS\SYSTEM32\WINMMBASE.dll
[0616/211205.220:ERROR:process_memory_win.cc(73)] ReadMemory at 0x7ffb296a0000 of 64 bytes failed: Only part of a ReadProcessMemory or WriteProcessMemory request was completed. (0x12B)
[0616/211205.220:WARNING:pe_image_reader.cc(340)] could not read dos header from C:\WINDOWS\System32\cfgmgr32.dll
[0616/211205.220:ERROR:process_memory_win.cc(73)] ReadMemory at 0x7ffb27400000 of 64 bytes failed: Only part of a ReadProcessMemory or WriteProcessMemory request was completed. (0x12B)
[0616/211205.220:WARNING:pe_image_reader.cc(340)] could not read dos header from C:\WINDOWS\SYSTEM32\PROPSYS.dll
[0616/211205.220:ERROR:process_memory_win.cc(73)] ReadMemory at 0x7ffb2a9e0000 of 64 bytes failed: Only part of a ReadProcessMemory or WriteProcessMemory request was completed. (0x12B)
[0616/211205.220:WARNING:pe_image_reader.cc(340)] could not read dos header from C:\WINDOWS\System32\shcore.dll
[0616/211205.220:ERROR:process_memory_win.cc(73)] ReadMemory at 0x7ffb29470000 of 64 bytes failed: Only part of a ReadProcessMemory or WriteProcessMemory request was completed. (0x12B)
[0616/211205.220:WARNING:pe_image_reader.cc(340)] could not read dos header from C:\WINDOWS\SYSTEM32\SSPICLI.DLL
[0616/211205.220:ERROR:process_memory_win.cc(73)] ReadMemory at 0x7ffb28fc0000 of 64 bytes failed: Only part of a ReadProcessMemory or WriteProcessMemory request was completed. (0x12B)
[0616/211205.220:WARNING:pe_image_reader.cc(340)] could not read dos header from C:\WINDOWS\SYSTEM32\CRYPTBASE.DLL
[0616/211205.595:ERROR:process_memory_win.cc(73)] ReadMemory at 0x21e02a99f80 of 6656 bytes failed: Only part of a ReadProcessMemory or WriteProcessMemory request was completed. (0x12B)
[0616/211205.595:ERROR:process_snapshot_win.cc(344)] failed to read unloaded module data
[0616/211205.595:ERROR:process_memory_win.cc(73)] ReadMemory at 0x21e02cde370 of 72 bytes failed: Only part of a ReadProcessMemory or WriteProcessMemory request was completed. (0x12B)
[0616/211205.595:WARNING:pe_image_annotations_reader.cc(134)] could not read annotations list object in C:\Program Files (x86)\Microsoft\Edge\Application\83.0.478.45\msedge_elf.dll
[0616/211205.595:ERROR:process_memory_win.cc(73)] ReadMemory at 0x21e0334b370 of 72 bytes failed: Only part of a ReadProcessMemory or WriteProcessMemory request was completed. (0x12B)
[0616/211205.595:WARNING:pe_image_annotations_reader.cc(134)] could not read annotations list object in C:\Program Files (x86)\Microsoft\Edge\Application\83.0.478.45\msedge.dll
[0616/211205.689:ERROR:process_memory_win.cc(73)] ReadMemory at 0x21e02cde370 of 72 bytes failed: Only part of a ReadProcessMemory or WriteProcessMemory request was completed. (0x12B)
[0616/211205.689:WARNING:pe_image_annotations_reader.cc(134)] could not read annotations list object in C:\Program Files (x86)\Microsoft\Edge\Application\83.0.478.45\msedge_elf.dll
[0616/211205.689:ERROR:process_memory_win.cc(73)] ReadMemory at 0x21e0334b370 of 72 bytes failed: Only part of a ReadProcessMemory or WriteProcessMemory request was completed. (0x12B)
[0616/211205.689:WARNING:pe_image_annotations_reader.cc(134)] could not read annotations list object in C:\Program Files (x86)\Microsoft\Edge\Application\83.0.478.45\msedge.dll
[0616/211205.689:ERROR:process_memory_win.cc(73)] ReadMemory at 0x21e02cde370 of 72 bytes failed: Only part of a ReadProcessMemory or WriteProcessMemory request was completed. (0x12B)
[0616/211205.689:WARNING:pe_image_annotations_reader.cc(134)] could not read annotations list object in C:\Program Files (x86)\Microsoft\Edge\Application\83.0.478.45\msedge_elf.dll
[0616/211205.689:ERROR:process_memory_win.cc(73)] ReadMemory at 0x21e0334b370 of 72 bytes failed: Only part of a ReadProcessMemory or WriteProcessMemory request was completed. (0x12B)
[0616/211205.689:WARNING:pe_image_annotations_reader.cc(134)] could not read annotations list object in C:\Program Files (x86)\Microsoft\Edge\Application\83.0.478.45\msedge.dll
[0616/211205.689:ERROR:process_memory_win.cc(73)] ReadMemory at 0x21e02cde370 of 72 bytes failed: Only part of a ReadProcessMemory or WriteProcessMemory request was completed. (0x12B)
[0616/211205.689:WARNING:pe_image_annotations_reader.cc(134)] could not read annotations list object in C:\Program Files (x86)\Microsoft\Edge\Application\83.0.478.45\msedge_elf.dll
[0616/211205.689:ERROR:process_memory_win.cc(73)] ReadMemory at 0x21e0334b370 of 72 bytes failed: Only part of a ReadProcessMemory or WriteProcessMemory request was completed. (0x12B)
[0616/211205.689:WARNING:pe_image_annotations_reader.cc(134)] could not read annotations list object in C:\Program Files (x86)\Microsoft\Edge\Application\83.0.478.45\msedge.dll
